Started by upstream project "[8mha:////4O0HWh3uHmnYHSU8SsRMvLcls4XMRCnrOZ6qUgecG7tGAAAAmx+LCAAAAAAAAP9b85aBtbiIQTGjNKU4P08vOT+vOD8nVc83PyU1x6OyILUoJzMv2y+/JJUBAhiZGBgqihhk0NSjKDWzXb3RdlLBUSYGJk8GtpzUvPSSDB8G5tKinBIGIZ+sxLJE/ZzEvHT94JKizLx0a6BxUmjGOUNodHsLgAzOEgZ+/az8JH3/gtQ8Z393Z099AB+XwwrEAAAA[0mOpenCOGCI" build number [8mha:////4M+KGQj7Mloh9TRiaivNsG0dtc9WBL1lgkQIfAU+8PHaAAAAnR+LCAAAAAAAAP9b85aBtbiIQTGjNKU4P08vOT+vOD8nVc83PyU1x6OyILUoJzMv2y+/JJUBAhiZGBgqihhk0NSjKDWzXb3RdlLBUSYGJk8GtpzUvPSSDB8G5tKinBIGIZ+sxLJE/ZzEvHT94JKizLx0a6BxUmjGOUNodHsLgAymEgZB/az8JH3/gtQ8Z393Z099M1MAF4AlVMYAAAA=[0m65
originally caused by:
 Started by user [8mha:////4L2jTPWu9zIb56dnp8RqVObesKKV2DVGI0jJXlam1DqAAAAAlx+LCAAAAAAAAP9b85aBtbiIQTGjNKU4P08vOT+vOD8nVc83PyU1x6OyILUoJzMv2y+/JJUBAhiZGBgqihhk0NSjKDWzXb3RdlLBUSYGJk8GtpzUvPSSDB8G5tKinBIGIZ+sxLJE/ZzEvHT94JKizLx0a6BxUmjGOUNodHsLgAzWEgZu/dLi1CL9xJTczDwAj6GcLcAAAAA=[0madmin
Building in workspace /var/lib/jenkins/workspace/OpenCOG_CogUtil_U1604
[OpenCOG_CogUtil_U1604] $ /bin/sh -xe /tmp/jenkins3336691805876852805.sh
+ COGDIR=../OpenCOGCI
+ . ../OpenCOGCI/build.docker/docker.env
+ CID=767ce52e72516e4b48489516a26b612351cb2e952c508978862ed23706ca406b
+ DKRUNROOT=docker exec --user root   767ce52e72516e4b48489516a26b612351cb2e952c508978862ed23706ca406b
+ DKRUNUSER=docker exec --user jenkins  767ce52e72516e4b48489516a26b612351cb2e952c508978862ed23706ca406b
+ UID=125
+ GID=132
+ LOGFILE=/var/lib/jenkins/jobs/OpenCOG_CogUtil_U1604/builds/4/log
+ cat


**********************************************************
**********************************************************
**********************************************************
**********************************************************
*****                                                *****
*****                  Cogutil TEST                *****
*****                                                *****
**********************************************************
**********************************************************
**********************************************************
**********************************************************


+ echo GIT_COMMIT=
GIT_COMMIT=
+ echo GIT_BRANCH=
GIT_BRANCH=
+ echo GIT_URL=
GIT_URL=
+ WDIR=opencog/dependencies/cogutil
+ JOBDIR=../OpenCOGCI/dependencies
+ cat
+ chmod +x ../OpenCOGCI/dependencies/job1
+ docker exec --user jenkins 767ce52e72516e4b48489516a26b612351cb2e952c508978862ed23706ca406b bash opencog/dependencies/job1
+ pwd
+ cd opencog/dependencies/cogutil
+ cd build
+ make -j8 test
/home/opencog
[ 35%] Built target cogutil
[ 36%] Generating StringTokenizerUTest.cpp
[ 38%] Generating LoggerUTest.cpp
[ 40%] Generating lru_cacheUTest.cpp
[ 42%] Generating rankingUTest.cpp
[ 43%] Generating comprehensionUTest.cpp
[ 45%] Generating CounterUTest.cpp
[ 49%] Generating KLDUTest.cpp
[ 49%] Generating functionalUTest.cpp
Scanning dependencies of target StringTokenizerUTest
Scanning dependencies of target rankingUTest
Scanning dependencies of target CounterUTest
Scanning dependencies of target functionalUTest
Scanning dependencies of target lru_cacheUTest
Scanning dependencies of target LoggerUTest
Scanning dependencies of target comprehensionUTest
Scanning dependencies of target KLDUTest
[ 59%] Building CXX object tests/util/CMakeFiles/CounterUTest.dir/CounterUTest.cpp.o
[ 59%] Building CXX object tests/util/CMakeFiles/StringTokenizerUTest.dir/StringTokenizerUTest.cpp.o
[ 59%] Building CXX object tests/util/CMakeFiles/comprehensionUTest.dir/comprehensionUTest.cpp.o
[ 59%] Building CXX object tests/util/CMakeFiles/functionalUTest.dir/functionalUTest.cpp.o
[ 59%] Building CXX object tests/util/CMakeFiles/rankingUTest.dir/rankingUTest.cpp.o
[ 59%] Building CXX object tests/util/CMakeFiles/lru_cacheUTest.dir/lru_cacheUTest.cpp.o
[ 61%] Building CXX object tests/util/CMakeFiles/LoggerUTest.dir/LoggerUTest.cpp.o
[ 63%] Building CXX object tests/util/CMakeFiles/KLDUTest.dir/KLDUTest.cpp.o
[ 64%] Linking CXX executable StringTokenizerUTest
[ 64%] Built target StringTokenizerUTest
[ 66%] Generating iostreamContainerUTest.cpp
Scanning dependencies of target iostreamContainerUTest
[ 68%] Building CXX object tests/util/CMakeFiles/iostreamContainerUTest.dir/iostreamContainerUTest.cpp.o
[ 70%] Linking CXX executable LoggerUTest
[ 70%] Built target LoggerUTest
[ 71%] Generating ConfigUTest.cpp
Scanning dependencies of target ConfigUTest
[ 73%] Building CXX object tests/util/CMakeFiles/ConfigUTest.dir/ConfigUTest.cpp.o
[ 75%] Linking CXX executable CounterUTest
[ 77%] Linking CXX executable rankingUTest
[ 77%] Built target CounterUTest
[ 78%] Generating randomUTest.cpp
[ 78%] Built target rankingUTest
[ 80%] Generating lazy_selectorUTest.cpp
Scanning dependencies of target randomUTest
[ 82%] Building CXX object tests/util/CMakeFiles/randomUTest.dir/randomUTest.cpp.o
Scanning dependencies of target lazy_selectorUTest
[ 84%] Building CXX object tests/util/CMakeFiles/lazy_selectorUTest.dir/lazy_selectorUTest.cpp.o
[ 85%] Linking CXX executable functionalUTest
[ 85%] Built target functionalUTest
[ 87%] Linking CXX executable KLDUTest
[ 87%] Built target KLDUTest
[ 89%] Linking CXX executable ConfigUTest
[ 89%] Built target ConfigUTest
[ 91%] Linking CXX executable iostreamContainerUTest
[ 91%] Built target iostreamContainerUTest
[ 92%] Linking CXX executable lru_cacheUTest
[ 94%] Linking CXX executable comprehensionUTest
[ 94%] Built target lru_cacheUTest
[ 94%] Built target comprehensionUTest
[ 96%] Linking CXX executable lazy_selectorUTest
[ 96%] Built target lazy_selectorUTest
[ 98%] Linking CXX executable randomUTest
[ 98%] Built target randomUTest
Scanning dependencies of target tests
[ 98%] Built target tests
Scanning dependencies of target test
[100%] Running tests...
Test project /home/opencog/opencog/dependencies/cogutil/build/tests
      Start  1: ConfigUTest
 1/12 Test  #1: ConfigUTest ......................   Passed    0.01 sec
      Start  2: LoggerUTest
 2/12 Test  #2: LoggerUTest ......................   Passed    0.26 sec
      Start  3: StringTokenizerUTest
 3/12 Test  #3: StringTokenizerUTest .............   Passed    0.00 sec
      Start  4: lazy_selectorUTest
 4/12 Test  #4: lazy_selectorUTest ...............   Passed    0.00 sec
      Start  5: lru_cacheUTest
 5/12 Test  #5: lru_cacheUTest ...................   Passed    0.00 sec
      Start  6: iostreamContainerUTest
 6/12 Test  #6: iostreamContainerUTest ...........   Passed    0.00 sec
      Start  7: functionalUTest
 7/12 Test  #7: functionalUTest ..................   Passed    0.00 sec
      Start  8: KLDUTest
 8/12 Test  #8: KLDUTest .........................   Passed    3.39 sec
      Start  9: randomUTest
 9/12 Test  #9: randomUTest ......................   Passed    1.44 sec
      Start 10: comprehensionUTest
10/12 Test #10: comprehensionUTest ...............   Passed    0.00 sec
      Start 11: CounterUTest
11/12 Test #11: CounterUTest .....................   Passed    0.00 sec
      Start 12: rankingUTest
12/12 Test #12: rankingUTest .....................   Passed    0.00 sec

100% tests passed, 0 tests failed out of 12

Total Test time (real) =   5.12 sec
[100%] Built target test
+ DSTATUS=TESTPASS
+ /var/lib/jenkins/status/updateStatus TESTPASS /var/lib/jenkins/jobs/OpenCOG_CogUtil_U1604/builds/4/log OpenCOG_CogUtil_U1604
Already up-to-date.
~/status/jobs ~/status
