Started by user [8mha:////4L2jTPWu9zIb56dnp8RqVObesKKV2DVGI0jJXlam1DqAAAAAlx+LCAAAAAAAAP9b85aBtbiIQTGjNKU4P08vOT+vOD8nVc83PyU1x6OyILUoJzMv2y+/JJUBAhiZGBgqihhk0NSjKDWzXb3RdlLBUSYGJk8GtpzUvPSSDB8G5tKinBIGIZ+sxLJE/ZzEvHT94JKizLx0a6BxUmjGOUNodHsLgAzWEgZu/dLi1CL9xJTczDwAj6GcLcAAAAA=[0madmin
Building in workspace /var/lib/jenkins/workspace/OpenCOG_DebStab_Atomspace
[OpenCOG_DebStab_Atomspace] $ /bin/sh -xe /tmp/jenkins4146266804364759434.sh
+ COGDIR=../OpenCOG_DebStab
+ . ../OpenCOG_DebStab/build.docker/docker.env
+ CID=c90eda09acc43266cf6f6c03e0fc1d3e0b5cc97c012c1411df13ffd563cc4e38
+ DKRUNROOT=docker exec --user root   c90eda09acc43266cf6f6c03e0fc1d3e0b5cc97c012c1411df13ffd563cc4e38
+ DKRUNUSER=docker exec --user jenkins  c90eda09acc43266cf6f6c03e0fc1d3e0b5cc97c012c1411df13ffd563cc4e38
+ UID=125
+ GID=132
+ LOGFILE=/var/lib/jenkins/jobs/OpenCOG_DebStab_Atomspace/builds/5/log
+ cat


**********************************************************
**********************************************************
**********************************************************
**********************************************************
*****                                                *****
*****                  Atomspace TEST                *****
*****                                                *****
**********************************************************
**********************************************************
**********************************************************
**********************************************************


+ echo GIT_COMMIT=
GIT_COMMIT=
+ echo GIT_BRANCH=
GIT_BRANCH=
+ echo GIT_URL=
GIT_URL=
+ WDIR=atomspace
+ JOBDIR=../OpenCOG_DebStab/dependencies
+ cat
+ chmod +x ../OpenCOG_DebStab/dependencies/job1
+ docker exec --user jenkins c90eda09acc43266cf6f6c03e0fc1d3e0b5cc97c012c1411df13ffd563cc4e38 bash dependencies/job1
+ cd atomspace
+ cd build
+ make -j8 test
[  0%] Built target opencog_atom_types
[  1%] Built target truthvalue
[  3%] Built target atombase
[  5%] Built target atomutils
[  5%] Built target attentionbank
[ 11%] Built target atomcore
[ 12%] Built target clearbox
[ 15%] Built target atomspace
[ 16%] Built target lambda
[ 18%] Built target type_constructors
[ 18%] Built target atomspaceutils
[ 18%] Generating SimpleTruthValueUTest.cpp
[ 18%] Generating AttentionValueUTest.cpp
[ 18%] Generating BetaReduceUTest.cpp
[ 18%] Generating EvidenceCountTruthValueUTest.cpp
[ 18%] Generating TVMergeUTest.cpp
[ 18%] Generating DefineLinkUTest.cpp
[ 18%] Generating VariablesUTest.cpp
[ 18%] Generating ComposeLinkUTest.cpp
Scanning dependencies of target EvidenceCountTruthValueUTest
Scanning dependencies of target TVMergeUTest
Scanning dependencies of target VariablesUTest
Scanning dependencies of target BetaReduceUTest
Scanning dependencies of target DefineLinkUTest
Scanning dependencies of target SimpleTruthValueUTest
[ 20%] Building CXX object tests/truthvalue/CMakeFiles/TVMergeUTest.dir/TVMergeUTest.cpp.o
[ 21%] Building CXX object tests/atoms/CMakeFiles/VariablesUTest.dir/VariablesUTest.cpp.o
Scanning dependencies of target AttentionValueUTest
[ 21%] Building CXX object tests/truthvalue/CMakeFiles/EvidenceCountTruthValueUTest.dir/EvidenceCountTruthValueUTest.cpp.o
[ 21%] Building CXX object tests/atoms/CMakeFiles/DefineLinkUTest.dir/DefineLinkUTest.cpp.o
[ 21%] Building CXX object tests/truthvalue/CMakeFiles/SimpleTruthValueUTest.dir/SimpleTruthValueUTest.cpp.o
Scanning dependencies of target ComposeLinkUTest
[ 21%] Building CXX object tests/atoms/CMakeFiles/BetaReduceUTest.dir/BetaReduceUTest.cpp.o
[ 22%] Building CXX object tests/truthvalue/CMakeFiles/AttentionValueUTest.dir/AttentionValueUTest.cpp.o
[ 23%] Building CXX object tests/atoms/CMakeFiles/ComposeLinkUTest.dir/ComposeLinkUTest.cpp.o
[ 24%] Linking CXX executable EvidenceCountTruthValueUTest
[ 24%] Built target EvidenceCountTruthValueUTest
[ 24%] Linking CXX executable SimpleTruthValueUTest
[ 24%] Built target unify
[ 24%] Linking CXX executable TVMergeUTest
[ 24%] Built target SimpleTruthValueUTest
[ 24%] Generating AttentionUTest.cpp
[ 25%] Generating AtomSpaceUtilsUTest.cpp
[ 25%] Built target TVMergeUTest
[ 27%] Built target atomspace_cython
Scanning dependencies of target AtomSpaceUtilsUTest
Scanning dependencies of target AttentionUTest
[ 27%] Building CXX object tests/atomspaceutils/CMakeFiles/AtomSpaceUtilsUTest.dir/AtomSpaceUtilsUTest.cpp.o
[ 27%] Building CXX object tests/attentionbank/CMakeFiles/AttentionUTest.dir/AttentionUTest.cpp.o
[ 27%] Linking CXX executable DefineLinkUTest
[ 27%] Linking CXX executable ComposeLinkUTest
[ 27%] Linking CXX executable VariablesUTest
[ 29%] Built target smob
[ 29%] Built target ComposeLinkUTest
[ 29%] Built target DefineLinkUTest
[ 29%] Built target VariablesUTest
[ 29%] Linking CXX executable BetaReduceUTest
[ 29%] Generating RemoveUTest.cpp
[ 29%] Generating MultiSpaceUTest.cpp
[ 29%] Generating ThreadSafeHandleMapUTest.cpp
[ 29%] Generating NodeUTest.cpp
Scanning dependencies of target RemoveUTest
[ 29%] Linking CXX executable AttentionValueUTest
[ 29%] Building CXX object tests/atomspace/CMakeFiles/RemoveUTest.dir/RemoveUTest.cpp.o
[ 29%] Built target BetaReduceUTest
Scanning dependencies of target MultiSpaceUTest
[ 29%] Building CXX object tests/atomspace/CMakeFiles/MultiSpaceUTest.dir/MultiSpaceUTest.cpp.o
Scanning dependencies of target ThreadSafeHandleMapUTest
[ 29%] Generating AtomUTest.cpp
[ 29%] Building CXX object tests/atomspace/CMakeFiles/ThreadSafeHandleMapUTest.dir/ThreadSafeHandleMapUTest.cpp.o
[ 29%] Built target AttentionValueUTest
Scanning dependencies of target NodeUTest
[ 30%] Building CXX object tests/atomspace/CMakeFiles/NodeUTest.dir/NodeUTest.cpp.o
Scanning dependencies of target AtomUTest
[ 30%] Building CXX object tests/atomspace/CMakeFiles/AtomUTest.dir/AtomUTest.cpp.o
[ 30%] Generating UseCountUTest.cpp
Scanning dependencies of target UseCountUTest
[ 30%] Building CXX object tests/atomspace/CMakeFiles/UseCountUTest.dir/UseCountUTest.cpp.o
[ 30%] Linking CXX executable AtomSpaceUtilsUTest
[ 30%] Linking CXX executable AttentionUTest
[ 30%] Built target AtomSpaceUtilsUTest
[ 30%] Generating AtomSpaceImplUTest.cpp
[ 30%] Built target AttentionUTest
[ 30%] Generating AtomTableUTest.cpp
Scanning dependencies of target AtomSpaceImplUTest
[ 31%] Building CXX object tests/atomspace/CMakeFiles/AtomSpaceImplUTest.dir/AtomSpaceImplUTest.cpp.o
Scanning dependencies of target AtomTableUTest
[ 31%] Building CXX object tests/atomspace/CMakeFiles/AtomTableUTest.dir/AtomTableUTest.cpp.o
[ 31%] Linking CXX executable NodeUTest
[ 31%] Built target NodeUTest
[ 31%] Generating AtomSpaceUTest.cpp
Scanning dependencies of target AtomSpaceUTest
[ 31%] Building CXX object tests/atomspace/CMakeFiles/AtomSpaceUTest.dir/AtomSpaceUTest.cpp.o
[ 31%] Linking CXX executable AtomUTest
[ 31%] Linking CXX executable RemoveUTest
[ 31%] Linking CXX executable ThreadSafeHandleMapUTest
[ 32%] Linking CXX executable UseCountUTest
[ 32%] Built target AtomUTest
[ 32%] Built target RemoveUTest
[ 32%] Built target ThreadSafeHandleMapUTest
[ 32%] Generating LinkUTest.cpp
[ 32%] Generating ClassServerUTest.cpp
[ 32%] Generating AtomSpaceAsyncUTest.cpp
[ 32%] Built target UseCountUTest
[ 34%] Linking CXX executable MultiSpaceUTest
Scanning dependencies of target ClassServerUTest
Scanning dependencies of target LinkUTest
[ 34%] Generating TLBUTest.cpp
[ 34%] Building CXX object tests/atomspace/CMakeFiles/ClassServerUTest.dir/ClassServerUTest.cpp.o
[ 34%] Building CXX object tests/atomspace/CMakeFiles/LinkUTest.dir/LinkUTest.cpp.o
Scanning dependencies of target AtomSpaceAsyncUTest
[ 34%] Building CXX object tests/atomspace/CMakeFiles/AtomSpaceAsyncUTest.dir/AtomSpaceAsyncUTest.cpp.o
Scanning dependencies of target TLBUTest
[ 34%] Built target MultiSpaceUTest
[ 34%] Building CXX object tests/atomspace/CMakeFiles/TLBUTest.dir/TLBUTest.cpp.o
[ 34%] Generating AlphaConvertUTest.cpp
Scanning dependencies of target AlphaConvertUTest
[ 34%] Building CXX object tests/atoms/CMakeFiles/AlphaConvertUTest.dir/AlphaConvertUTest.cpp.o
[ 35%] Linking CXX executable AtomTableUTest
[ 35%] Built target AtomTableUTest
[ 35%] Generating RewriteLinkUTest.cpp
Scanning dependencies of target RewriteLinkUTest
[ 36%] Building CXX object tests/atoms/CMakeFiles/RewriteLinkUTest.dir/RewriteLinkUTest.cpp.o
[ 36%] Linking CXX executable AtomSpaceImplUTest
[ 36%] Linking CXX executable ClassServerUTest
[ 36%] Built target AtomSpaceImplUTest
[ 36%] Built target ClassServerUTest
[ 36%] Linking CXX executable LinkUTest
[ 36%] Linking CXX executable TLBUTest
[ 36%] Generating FreeLinkUTest.cpp
[ 36%] Generating ScopeLinkUTest.cpp
[ 36%] Built target LinkUTest
Scanning dependencies of target FreeLinkUTest
Scanning dependencies of target ScopeLinkUTest
[ 36%] Building CXX object tests/atoms/CMakeFiles/ScopeLinkUTest.dir/ScopeLinkUTest.cpp.o
[ 37%] Building CXX object tests/atoms/CMakeFiles/FreeLinkUTest.dir/FreeLinkUTest.cpp.o
[ 37%] Built target TLBUTest
[ 37%] Generating FuzzyUTest.cpp
[ 37%] Generating NeighborUTest.cpp
Scanning dependencies of target FuzzyUTest
Scanning dependencies of target NeighborUTest
[ 37%] Building CXX object tests/atomutils/CMakeFiles/FuzzyUTest.dir/FuzzyUTest.cpp.o
[ 38%] Building CXX object tests/atomutils/CMakeFiles/NeighborUTest.dir/NeighborUTest.cpp.o
[ 38%] Linking CXX executable AlphaConvertUTest
[ 38%] Built target AlphaConvertUTest
[ 38%] Generating FindUtilsUTest.cpp
[ 38%] Linking CXX executable AtomSpaceUTest
Scanning dependencies of target FindUtilsUTest
[ 38%] Building CXX object tests/atomutils/CMakeFiles/FindUtilsUTest.dir/FindUtilsUTest.cpp.o
[ 38%] Built target AtomSpaceUTest
[ 38%] Generating AtomUtilsUTest.cpp
Scanning dependencies of target AtomUtilsUTest
[ 38%] Building CXX object tests/atomutils/CMakeFiles/AtomUtilsUTest.dir/AtomUtilsUTest.cpp.o
[ 38%] Linking CXX executable AtomSpaceAsyncUTest
[ 38%] Built target AtomSpaceAsyncUTest
[ 38%] Linking CXX executable RewriteLinkUTest
[ 40%] Generating UnifyUTest.cpp
[ 40%] Built target RewriteLinkUTest
[ 41%] Built target PythonEval
Scanning dependencies of target UnifyUTest
[ 41%] Building CXX object tests/unify/CMakeFiles/UnifyUTest.dir/UnifyUTest.cpp.o
[ 43%] Built target query
[ 43%] Built target utilities_cython
[ 44%] Built target execution
[ 44%] Generating PythonUtilitiesUTest.cpp
[ 45%] Linking CXX executable ScopeLinkUTest
[ 45%] Built target ScopeLinkUTest
[ 45%] Linking CXX executable FreeLinkUTest
Scanning dependencies of target PythonUtilitiesUTest
[ 45%] Building CXX object tests/cython/CMakeFiles/PythonUtilitiesUTest.dir/PythonUtilitiesUTest.cpp.o
[ 45%] Generating DeleteLinkUTest.cpp
[ 45%] Built target FreeLinkUTest
Scanning dependencies of target DeleteLinkUTest
[ 45%] Building CXX object tests/atoms/CMakeFiles/DeleteLinkUTest.dir/DeleteLinkUTest.cpp.o
[ 45%] Generating ReductUTest.cpp
[ 45%] Linking CXX executable FuzzyUTest
[ 45%] Built target FuzzyUTest
[ 45%] Linking CXX executable NeighborUTest
Scanning dependencies of target ReductUTest
[ 47%] Generating MapLinkUTest.cpp
[ 48%] Building CXX object tests/atoms/CMakeFiles/ReductUTest.dir/ReductUTest.cpp.o
[ 48%] Built target NeighborUTest
Scanning dependencies of target MapLinkUTest
[ 48%] Generating RandomUTest.cpp
[ 48%] Building CXX object tests/atoms/CMakeFiles/MapLinkUTest.dir/MapLinkUTest.cpp.o
[ 49%] Linking CXX executable FindUtilsUTest
[ 49%] Built target FindUtilsUTest
Scanning dependencies of target RandomUTest
[ 49%] Building CXX object tests/atoms/CMakeFiles/RandomUTest.dir/RandomUTest.cpp.o
[ 49%] Generating EqualLinkUTest.cpp
[ 50%] Linking CXX executable AtomUtilsUTest
Scanning dependencies of target EqualLinkUTest
[ 50%] Building CXX object tests/atoms/CMakeFiles/EqualLinkUTest.dir/EqualLinkUTest.cpp.o
[ 50%] Built target AtomUtilsUTest
[ 50%] Generating StateLinkUTest.cpp
Scanning dependencies of target StateLinkUTest
[ 50%] Linking CXX executable PythonUtilitiesUTest
[ 50%] Building CXX object tests/atoms/CMakeFiles/StateLinkUTest.dir/StateLinkUTest.cpp.o
[ 50%] Built target PythonUtilitiesUTest
[ 50%] Generating PutLinkUTest.cpp
Scanning dependencies of target PutLinkUTest
[ 50%] Building CXX object tests/atoms/CMakeFiles/PutLinkUTest.dir/PutLinkUTest.cpp.o
[ 50%] Linking CXX executable DeleteLinkUTest
[ 50%] Linking CXX executable MapLinkUTest
[ 50%] Built target DeleteLinkUTest
[ 50%] Generating ParallelUTest.cpp
[ 50%] Built target MapLinkUTest
[ 50%] Linking CXX executable ReductUTest
[ 50%] Generating MultiAtomSpaceUTest.cpp
Scanning dependencies of target ParallelUTest
[ 50%] Building CXX object tests/atoms/CMakeFiles/ParallelUTest.dir/ParallelUTest.cpp.o
[ 50%] Built target ReductUTest
Scanning dependencies of target MultiAtomSpaceUTest
[ 50%] Generating MultiThreadUTest.cpp
[ 50%] Building CXX object tests/scm/CMakeFiles/MultiAtomSpaceUTest.dir/MultiAtomSpaceUTest.cpp.o
[ 51%] Linking CXX executable RandomUTest
Scanning dependencies of target MultiThreadUTest
[ 51%] Building CXX object tests/scm/CMakeFiles/MultiThreadUTest.dir/MultiThreadUTest.cpp.o
[ 51%] Built target RandomUTest
[ 51%] Generating SCMPrimitiveUTest.cpp
Scanning dependencies of target SCMPrimitiveUTest
[ 51%] Building CXX object tests/scm/CMakeFiles/SCMPrimitiveUTest.dir/SCMPrimitiveUTest.cpp.o
[ 51%] Linking CXX executable EqualLinkUTest
[ 51%] Built target EqualLinkUTest
[ 52%] Generating BasicSCMUTest.cpp
Scanning dependencies of target BasicSCMUTest
[ 52%] Building CXX object tests/scm/CMakeFiles/BasicSCMUTest.dir/BasicSCMUTest.cpp.o
[ 52%] Linking CXX executable StateLinkUTest
[ 52%] Built target StateLinkUTest
[ 54%] Generating SCMUtilsUTest.cpp
[ 54%] Linking CXX executable ParallelUTest
Scanning dependencies of target SCMUtilsUTest
[ 54%] Building CXX object tests/scm/CMakeFiles/SCMUtilsUTest.dir/SCMUtilsUTest.cpp.o
[ 54%] Built target ParallelUTest
[ 55%] Generating SCMExecutionOutputUTest.cpp
Scanning dependencies of target SCMExecutionOutputUTest
[ 55%] Building CXX object tests/scm/CMakeFiles/SCMExecutionOutputUTest.dir/SCMExecutionOutputUTest.cpp.o
[ 55%] Linking CXX executable MultiThreadUTest
[ 55%] Built target MultiThreadUTest
[ 55%] Linking CXX executable SCMPrimitiveUTest
[ 55%] Generating NoExceptionUTest.cpp
[ 55%] Built target SCMPrimitiveUTest
Scanning dependencies of target NoExceptionUTest
[ 55%] Building CXX object tests/query/CMakeFiles/NoExceptionUTest.dir/NoExceptionUTest.cpp.o
[ 55%] Generating ArcanaUTest.cpp
[ 55%] Linking CXX executable UnifyUTest
Scanning dependencies of target ArcanaUTest
[ 56%] Building CXX object tests/query/CMakeFiles/ArcanaUTest.dir/ArcanaUTest.cpp.o
[ 56%] Linking CXX executable MultiAtomSpaceUTest
[ 56%] Built target UnifyUTest
[ 56%] Built target MultiAtomSpaceUTest
[ 56%] Linking CXX executable PutLinkUTest
[ 56%] Generating FirstNUTest.cpp
[ 56%] Generating UnorderedUTest.cpp
Scanning dependencies of target FirstNUTest
[ 56%] Built target PutLinkUTest
[ 57%] Building CXX object tests/query/CMakeFiles/FirstNUTest.dir/FirstNUTest.cpp.o
[ 57%] Linking CXX executable SCMUtilsUTest
Scanning dependencies of target UnorderedUTest
[ 57%] Generating ConstantClausesUTest.cpp
[ 57%] Building CXX object tests/query/CMakeFiles/UnorderedUTest.dir/UnorderedUTest.cpp.o
[ 57%] Built target SCMUtilsUTest
[ 57%] Generating VarTypeNotUTest.cpp
Scanning dependencies of target ConstantClausesUTest
[ 57%] Building CXX object tests/query/CMakeFiles/ConstantClausesUTest.dir/ConstantClausesUTest.cpp.o
Scanning dependencies of target VarTypeNotUTest
[ 57%] Building CXX object tests/query/CMakeFiles/VarTypeNotUTest.dir/VarTypeNotUTest.cpp.o
[ 57%] Linking CXX executable BasicSCMUTest
[ 57%] Built target BasicSCMUTest
[ 57%] Linking CXX executable NoExceptionUTest
[ 57%] Linking CXX executable SCMExecutionOutputUTest
[ 57%] Generating ExecutionOutputUTest.cpp
[ 57%] Built target NoExceptionUTest
[ 57%] Built target SCMExecutionOutputUTest
[ 57%] Generating ScopeUTest.cpp
[ 58%] Generating StackUTest.cpp
Scanning dependencies of target ExecutionOutputUTest
Scanning dependencies of target ScopeUTest
[ 58%] Building CXX object tests/query/CMakeFiles/ExecutionOutputUTest.dir/ExecutionOutputUTest.cpp.o
[ 58%] Building CXX object tests/query/CMakeFiles/ScopeUTest.dir/ScopeUTest.cpp.o
Scanning dependencies of target StackUTest
[ 58%] Building CXX object tests/query/CMakeFiles/StackUTest.dir/StackUTest.cpp.o
[ 58%] Linking CXX executable ArcanaUTest
[ 58%] Built target ArcanaUTest
[ 58%] Generating FiniteStateMachineUTest.cpp
Scanning dependencies of target FiniteStateMachineUTest
[ 58%] Building CXX object tests/query/CMakeFiles/FiniteStateMachineUTest.dir/FiniteStateMachineUTest.cpp.o
[ 58%] Linking CXX executable FirstNUTest
[ 58%] Built target FirstNUTest
[ 58%] Linking CXX executable VarTypeNotUTest
[ 58%] Linking CXX executable UnorderedUTest
[ 58%] Linking CXX executable ConstantClausesUTest
[ 58%] Generating BigPatternUTest.cpp
[ 58%] Built target UnorderedUTest
[ 58%] Built target VarTypeNotUTest
[ 58%] Built target ConstantClausesUTest
Scanning dependencies of target BigPatternUTest
[ 58%] Building CXX object tests/query/CMakeFiles/BigPatternUTest.dir/BigPatternUTest.cpp.o
[ 58%] Generating ImplicationUTest.cpp
[ 60%] Generating SubstitutionUTest.cpp
[ 60%] Generating BuggyLinkUTest.cpp
Scanning dependencies of target SubstitutionUTest
Scanning dependencies of target ImplicationUTest
Scanning dependencies of target BuggyLinkUTest
[ 60%] Building CXX object tests/query/CMakeFiles/SubstitutionUTest.dir/SubstitutionUTest.cpp.o
[ 61%] Building CXX object tests/query/CMakeFiles/ImplicationUTest.dir/ImplicationUTest.cpp.o
[ 61%] Building CXX object tests/query/CMakeFiles/BuggyLinkUTest.dir/BuggyLinkUTest.cpp.o
[ 61%] Linking CXX executable ScopeUTest
[ 61%] Linking CXX executable StackUTest
[ 61%] Built target ScopeUTest
[ 61%] Linking CXX executable ExecutionOutputUTest
[ 61%] Built target StackUTest
[ 61%] Generating LoopPatternUTest.cpp
[ 61%] Generating GreaterComputeUTest.cpp
[ 61%] Linking CXX executable FiniteStateMachineUTest
[ 61%] Built target ExecutionOutputUTest
Scanning dependencies of target GreaterComputeUTest
Scanning dependencies of target LoopPatternUTest
[ 61%] Generating PatternUTest.cpp
[ 61%] Building CXX object tests/query/CMakeFiles/GreaterComputeUTest.dir/GreaterComputeUTest.cpp.o
[ 61%] Building CXX object tests/query/CMakeFiles/LoopPatternUTest.dir/LoopPatternUTest.cpp.o
[ 61%] Built target FiniteStateMachineUTest
[ 61%] Generating BooleanUTest.cpp
Scanning dependencies of target PatternUTest
[ 61%] Building CXX object tests/query/CMakeFiles/PatternUTest.dir/PatternUTest.cpp.o
Scanning dependencies of target BooleanUTest
[ 61%] Building CXX object tests/query/CMakeFiles/BooleanUTest.dir/BooleanUTest.cpp.o
[ 61%] Linking CXX executable SubstitutionUTest
[ 61%] Linking CXX executable BuggyLinkUTest
[ 61%] Built target SubstitutionUTest
[ 61%] Built target BuggyLinkUTest
[ 62%] Linking CXX executable BigPatternUTest
[ 62%] Generating RecognizerUTest.cpp
[ 62%] Generating AttentionalFocusCBUTest.cpp
[ 62%] Built target BigPatternUTest
Scanning dependencies of target AttentionalFocusCBUTest
Scanning dependencies of target RecognizerUTest
[ 62%] Building CXX object tests/query/CMakeFiles/AttentionalFocusCBUTest.dir/AttentionalFocusCBUTest.cpp.o
[ 62%] Generating BuggyStackUTest.cpp
[ 62%] Linking CXX executable ImplicationUTest
[ 62%] Building CXX object tests/query/CMakeFiles/RecognizerUTest.dir/RecognizerUTest.cpp.o
[ 63%] Linking CXX executable GreaterComputeUTest
Scanning dependencies of target BuggyStackUTest
[ 63%] Building CXX object tests/query/CMakeFiles/BuggyStackUTest.dir/BuggyStackUTest.cpp.o
[ 63%] Built target ImplicationUTest
[ 63%] Generating GetStateUTest.cpp
[ 63%] Built target GreaterComputeUTest
[ 64%] Generating UnquoteUTest.cpp
Scanning dependencies of target GetStateUTest
[ 64%] Building CXX object tests/query/CMakeFiles/GetStateUTest.dir/GetStateUTest.cpp.o
Scanning dependencies of target UnquoteUTest
[ 64%] Building CXX object tests/query/CMakeFiles/UnquoteUTest.dir/UnquoteUTest.cpp.o
[ 64%] Linking CXX executable LoopPatternUTest
[ 64%] Built target LoopPatternUTest
[ 64%] Generating StackMoreUTest.cpp
Scanning dependencies of target StackMoreUTest
[ 64%] Building CXX object tests/query/CMakeFiles/StackMoreUTest.dir/StackMoreUTest.cpp.o
[ 64%] Linking CXX executable BooleanUTest
[ 64%] Built target BooleanUTest
[ 65%] Linking CXX executable PatternUTest
[ 65%] Generating DefineUTest.cpp
[ 65%] Linking CXX executable AttentionalFocusCBUTest
[ 65%] Built target PatternUTest
Scanning dependencies of target DefineUTest
[ 65%] Building CXX object tests/query/CMakeFiles/DefineUTest.dir/DefineUTest.cpp.o
[ 67%] Generating BuggyNotUTest.cpp
[ 67%] Built target AttentionalFocusCBUTest
[ 67%] Linking CXX executable RecognizerUTest
Scanning dependencies of target BuggyNotUTest
[ 67%] Generating DisconnectedUTest.cpp
[ 67%] Building CXX object tests/query/CMakeFiles/BuggyNotUTest.dir/BuggyNotUTest.cpp.o
[ 68%] Linking CXX executable BuggyStackUTest
Scanning dependencies of target DisconnectedUTest
[ 68%] Built target RecognizerUTest
[ 69%] Building CXX object tests/query/CMakeFiles/DisconnectedUTest.dir/DisconnectedUTest.cpp.o
[ 69%] Built target BuggyStackUTest
[ 69%] Generating EinsteinUTest.cpp
[ 69%] Generating DeepTypeUTest.cpp
[ 70%] Linking CXX executable GetStateUTest
Scanning dependencies of target EinsteinUTest
[ 70%] Linking CXX executable UnquoteUTest
Scanning dependencies of target DeepTypeUTest
[ 71%] Building CXX object tests/query/CMakeFiles/EinsteinUTest.dir/EinsteinUTest.cpp.o
[ 71%] Building CXX object tests/query/CMakeFiles/DeepTypeUTest.dir/DeepTypeUTest.cpp.o
[ 71%] Built target GetStateUTest
[ 71%] Built target UnquoteUTest
[ 71%] Generating MatchLinkUTest.cpp
[ 71%] Generating BiggerPatternUTest.cpp
Scanning dependencies of target MatchLinkUTest
Scanning dependencies of target BiggerPatternUTest
[ 71%] Building CXX object tests/query/CMakeFiles/MatchLinkUTest.dir/MatchLinkUTest.cpp.o
[ 71%] Building CXX object tests/query/CMakeFiles/BiggerPatternUTest.dir/BiggerPatternUTest.cpp.o
[ 71%] Linking CXX executable StackMoreUTest
[ 71%] Built target StackMoreUTest
[ 72%] Generating GetLinkUTest.cpp
Scanning dependencies of target GetLinkUTest
[ 72%] Building CXX object tests/query/CMakeFiles/GetLinkUTest.dir/GetLinkUTest.cpp.o
[ 74%] Linking CXX executable DefineUTest
[ 74%] Built target DefineUTest
[ 74%] Linking CXX executable BuggyNotUTest
[ 74%] Generating GreaterThanUTest.cpp
[ 74%] Built target BuggyNotUTest
Scanning dependencies of target GreaterThanUTest
[ 74%] Building CXX object tests/query/CMakeFiles/GreaterThanUTest.dir/GreaterThanUTest.cpp.o
[ 74%] Linking CXX executable DisconnectedUTest
[ 74%] Generating Boolean2NotUTest.cpp
[ 74%] Built target DisconnectedUTest
Scanning dependencies of target Boolean2NotUTest
[ 75%] Building CXX object tests/query/CMakeFiles/Boolean2NotUTest.dir/Boolean2NotUTest.cpp.o
[ 75%] Generating SequenceUTest.cpp
Scanning dependencies of target SequenceUTest
[ 76%] Building CXX object tests/query/CMakeFiles/SequenceUTest.dir/SequenceUTest.cpp.o
[ 77%] Linking CXX executable DeepTypeUTest
[ 77%] Linking CXX executable EinsteinUTest
[ 77%] Built target DeepTypeUTest
[ 77%] Built target EinsteinUTest
[ 78%] Generating EvaluationUTest.cpp
[ 78%] Generating DontExecUTest.cpp
[ 80%] Linking CXX executable MatchLinkUTest
Scanning dependencies of target EvaluationUTest
[ 80%] Building CXX object tests/query/CMakeFiles/EvaluationUTest.dir/EvaluationUTest.cpp.o
Scanning dependencies of target DontExecUTest
[ 80%] Built target MatchLinkUTest
[ 80%] Building CXX object tests/query/CMakeFiles/DontExecUTest.dir/DontExecUTest.cpp.o
[ 80%] Generating TypeChoiceUTest.cpp
Scanning dependencies of target TypeChoiceUTest
[ 81%] Building CXX object tests/query/CMakeFiles/TypeChoiceUTest.dir/TypeChoiceUTest.cpp.o
[ 81%] Linking CXX executable GetLinkUTest
[ 81%] Built target GetLinkUTest
[ 81%] Linking CXX executable BiggerPatternUTest
[ 81%] Built target BiggerPatternUTest
[ 81%] Generating GlobUTest.cpp
Scanning dependencies of target GlobUTest
[ 81%] Building CXX object tests/query/CMakeFiles/GlobUTest.dir/GlobUTest.cpp.o
[ 81%] Generating BuggyQuoteUTest.cpp
Scanning dependencies of target BuggyQuoteUTest
[ 81%] Building CXX object tests/query/CMakeFiles/BuggyQuoteUTest.dir/BuggyQuoteUTest.cpp.o
[ 81%] Linking CXX executable GreaterThanUTest
[ 81%] Built target GreaterThanUTest
[ 82%] Generating PatternCrashUTest.cpp
Scanning dependencies of target PatternCrashUTest
[ 82%] Building CXX object tests/query/CMakeFiles/PatternCrashUTest.dir/PatternCrashUTest.cpp.o
[ 82%] Linking CXX executable SequenceUTest
[ 82%] Built target SequenceUTest
[ 82%] Linking CXX executable Boolean2NotUTest
[ 82%] Generating AbsentUTest.cpp
[ 82%] Linking CXX executable EvaluationUTest
[ 82%] Built target Boolean2NotUTest
Scanning dependencies of target AbsentUTest
[ 82%] Building CXX object tests/query/CMakeFiles/AbsentUTest.dir/AbsentUTest.cpp.o
[ 82%] Linking CXX executable DontExecUTest
[ 82%] Built target EvaluationUTest
[ 82%] Linking CXX executable TypeChoiceUTest
[ 83%] Generating QuoteUTest.cpp
[ 83%] Generating LocalQuoteUTest.cpp
[ 83%] Built target DontExecUTest
Scanning dependencies of target QuoteUTest
[ 83%] Generating BuggyEqualUTest.cpp
[ 83%] Building CXX object tests/query/CMakeFiles/QuoteUTest.dir/QuoteUTest.cpp.o
[ 83%] Built target TypeChoiceUTest
Scanning dependencies of target LocalQuoteUTest
Scanning dependencies of target BuggyEqualUTest
[ 84%] Building CXX object tests/query/CMakeFiles/LocalQuoteUTest.dir/LocalQuoteUTest.cpp.o
[ 84%] Generating BuggySelfGroundUTest.cpp
[ 85%] Building CXX object tests/query/CMakeFiles/BuggyEqualUTest.dir/BuggyEqualUTest.cpp.o
Scanning dependencies of target BuggySelfGroundUTest
[ 85%] Building CXX object tests/query/CMakeFiles/BuggySelfGroundUTest.dir/BuggySelfGroundUTest.cpp.o
[ 87%] Linking CXX executable BuggyQuoteUTest
[ 87%] Built target BuggyQuoteUTest
[ 87%] Generating ChoiceLinkUTest.cpp
Scanning dependencies of target ChoiceLinkUTest
[ 88%] Building CXX object tests/query/CMakeFiles/ChoiceLinkUTest.dir/ChoiceLinkUTest.cpp.o
[ 88%] Linking CXX executable GlobUTest
[ 88%] Built target GlobUTest
[ 88%] Linking CXX executable PatternCrashUTest
[ 88%] Generating SingleUTest.cpp
[ 88%] Built target PatternCrashUTest
Scanning dependencies of target SingleUTest
[ 89%] Building CXX object tests/query/CMakeFiles/SingleUTest.dir/SingleUTest.cpp.o
[ 89%] Generating SudokuUTest.cpp
[ 89%] Linking CXX executable AbsentUTest
[ 89%] Linking CXX executable BuggyEqualUTest
[ 89%] Linking CXX executable BuggySelfGroundUTest
Scanning dependencies of target SudokuUTest
[ 89%] Linking CXX executable QuoteUTest
[ 89%] Building CXX object tests/query/CMakeFiles/SudokuUTest.dir/SudokuUTest.cpp.o
[ 89%] Built target BuggyEqualUTest
[ 89%] Built target AbsentUTest
[ 89%] Built target BuggySelfGroundUTest
[ 92%] Built target ruleengine
[ 92%] Linking CXX executable LocalQuoteUTest
[ 92%] Generating PythonEvalUTest.cpp
[ 92%] Built target QuoteUTest
[ 92%] Generating UREConfigUTest.cpp
[ 92%] Generating ChainerUtilsUTest.cpp
[ 92%] Generating RuleUTest.cpp
Scanning dependencies of target PythonEvalUTest
[ 92%] Building CXX object tests/cython/CMakeFiles/PythonEvalUTest.dir/PythonEvalUTest.cpp.o
Scanning dependencies of target ChainerUtilsUTest
[ 92%] Built target LocalQuoteUTest
[ 92%] Building CXX object tests/rule-engine/CMakeFiles/ChainerUtilsUTest.dir/ChainerUtilsUTest.cpp.o
Scanning dependencies of target UREConfigUTest
Scanning dependencies of target RuleUTest
[ 92%] Building CXX object tests/rule-engine/CMakeFiles/UREConfigUTest.dir/UREConfigUTest.cpp.o
[ 92%] Building CXX object tests/rule-engine/CMakeFiles/RuleUTest.dir/RuleUTest.cpp.o
[ 92%] Linking CXX executable ChoiceLinkUTest
[ 92%] Generating ForwardChainerUTest.cpp
[ 92%] Built target ChoiceLinkUTest
Scanning dependencies of target ForwardChainerUTest
[ 92%] Building CXX object tests/rule-engine/forwardchainer/CMakeFiles/ForwardChainerUTest.dir/ForwardChainerUTest.cpp.o
[ 94%] Generating ControlPolicyUTest.cpp
[ 94%] Linking CXX executable SingleUTest
[ 94%] Built target SingleUTest
[ 94%] Generating ActionSelectionUTest.cpp
Scanning dependencies of target ControlPolicyUTest
Scanning dependencies of target ActionSelectionUTest
[ 94%] Building CXX object tests/rule-engine/backwardchainer/CMakeFiles/ControlPolicyUTest.dir/ControlPolicyUTest.cpp.o
[ 94%] Building CXX object tests/rule-engine/backwardchainer/CMakeFiles/ActionSelectionUTest.dir/ActionSelectionUTest.cpp.o
[ 95%] Linking CXX executable SudokuUTest
[ 95%] Built target SudokuUTest
[ 95%] Generating BackwardChainerUTest.cpp
Scanning dependencies of target BackwardChainerUTest
[ 95%] Building CXX object tests/rule-engine/backwardchainer/CMakeFiles/BackwardChainerUTest.dir/BackwardChainerUTest.cpp.o
[ 96%] Linking CXX executable PythonEvalUTest
[ 96%] Linking CXX executable ChainerUtilsUTest
[ 96%] Built target PythonEvalUTest
[ 96%] Generating BITUTest.cpp
[ 96%] Linking CXX executable UREConfigUTest
[ 96%] Built target ChainerUtilsUTest
[ 96%] Generating BetaDistributionUTest.cpp
Scanning dependencies of target BITUTest
Scanning dependencies of target BetaDistributionUTest
[ 97%] Building CXX object tests/rule-engine/backwardchainer/CMakeFiles/BITUTest.dir/BITUTest.cpp.o
[ 97%] Building CXX object tests/rule-engine/backwardchainer/CMakeFiles/BetaDistributionUTest.dir/BetaDistributionUTest.cpp.o
[ 97%] Built target UREConfigUTest
[ 97%] Linking CXX executable RuleUTest
[ 97%] Built target RuleUTest
[ 97%] Linking CXX executable ForwardChainerUTest
[ 97%] Built target ForwardChainerUTest
[ 97%] Linking CXX executable ControlPolicyUTest
[ 98%] Linking CXX executable ActionSelectionUTest
[ 98%] Built target ControlPolicyUTest
[ 98%] Built target ActionSelectionUTest
[100%] Linking CXX executable BetaDistributionUTest
[100%] Built target BetaDistributionUTest
[100%] Linking CXX executable BITUTest
[100%] Built target BITUTest
[100%] Linking CXX executable BackwardChainerUTest
[100%] Built target BackwardChainerUTest
Scanning dependencies of target tests
[100%] Built target tests
Scanning dependencies of target test
[100%] Running tests...
Test project /home/opencog/atomspace/build/tests
        Start   1: SimpleTruthValueUTest
  1/111 Test   #1: SimpleTruthValueUTest ............   Passed    0.09 sec
        Start   2: EvidenceCountTruthValueUTest
  2/111 Test   #2: EvidenceCountTruthValueUTest .....   Passed    0.00 sec
        Start   3: TVMergeUTest
  3/111 Test   #3: TVMergeUTest .....................   Passed    0.09 sec
        Start   4: AttentionValueUTest
  4/111 Test   #4: AttentionValueUTest ..............   Passed    0.12 sec
        Start   5: AtomTableUTest
  5/111 Test   #5: AtomTableUTest ...................   Passed   10.66 sec
        Start   6: ClassServerUTest
  6/111 Test   #6: ClassServerUTest .................   Passed    0.00 sec
        Start   7: AtomUTest
  7/111 Test   #7: AtomUTest ........................   Passed    0.00 sec
        Start   8: NodeUTest
  8/111 Test   #8: NodeUTest ........................   Passed    0.00 sec
        Start   9: LinkUTest
  9/111 Test   #9: LinkUTest ........................   Passed    0.00 sec
        Start  10: TLBUTest
 10/111 Test  #10: TLBUTest .........................   Passed    0.00 sec
        Start  11: AtomSpaceUTest
 11/111 Test  #11: AtomSpaceUTest ...................   Passed    0.07 sec
        Start  12: AtomSpaceImplUTest
 12/111 Test  #12: AtomSpaceImplUTest ...............   Passed    0.03 sec
        Start  13: AtomSpaceAsyncUTest
 13/111 Test  #13: AtomSpaceAsyncUTest ..............   Passed    5.68 sec
        Start  14: UseCountUTest
 14/111 Test  #14: UseCountUTest ....................   Passed    3.82 sec
        Start  15: MultiSpaceUTest
 15/111 Test  #15: MultiSpaceUTest ..................   Passed    0.00 sec
        Start  16: RemoveUTest
 16/111 Test  #16: RemoveUTest ......................   Passed    0.28 sec
        Start  17: ThreadSafeHandleMapUTest
 17/111 Test  #17: ThreadSafeHandleMapUTest .........   Passed    2.19 sec
        Start  18: FreeLinkUTest
 18/111 Test  #18: FreeLinkUTest ....................   Passed    0.22 sec
        Start  19: MapLinkUTest
 19/111 Test  #19: MapLinkUTest .....................   Passed    2.35 sec
        Start  20: ParallelUTest
 20/111 Test  #20: ParallelUTest ....................   Passed   11.48 sec
        Start  21: RandomUTest
 21/111 Test  #21: RandomUTest ......................   Passed    0.81 sec
        Start  22: ReductUTest
 22/111 Test  #22: ReductUTest ......................   Passed    0.46 sec
        Start  23: RewriteLinkUTest
 23/111 Test  #23: RewriteLinkUTest .................   Passed    0.35 sec
        Start  24: ScopeLinkUTest
 24/111 Test  #24: ScopeLinkUTest ...................   Passed    1.14 sec
        Start  25: AlphaConvertUTest
 25/111 Test  #25: AlphaConvertUTest ................   Passed    0.05 sec
        Start  26: BetaReduceUTest
 26/111 Test  #26: BetaReduceUTest ..................   Passed    0.06 sec
        Start  27: DefineLinkUTest
 27/111 Test  #27: DefineLinkUTest ..................   Passed    0.20 sec
        Start  28: DeleteLinkUTest
 28/111 Test  #28: DeleteLinkUTest ..................   Passed    0.06 sec
        Start  29: EqualLinkUTest
 29/111 Test  #29: EqualLinkUTest ...................   Passed    0.06 sec
        Start  30: PutLinkUTest
 30/111 Test  #30: PutLinkUTest .....................   Passed    2.24 sec
        Start  31: StateLinkUTest
 31/111 Test  #31: StateLinkUTest ...................   Passed    0.04 sec
        Start  32: VariablesUTest
 32/111 Test  #32: VariablesUTest ...................   Passed    0.00 sec
        Start  33: ComposeLinkUTest
 33/111 Test  #33: ComposeLinkUTest .................   Passed    0.05 sec
        Start  34: AtomUtilsUTest
 34/111 Test  #34: AtomUtilsUTest ...................   Passed    0.00 sec
        Start  35: FindUtilsUTest
 35/111 Test  #35: FindUtilsUTest ...................   Passed    0.00 sec
        Start  36: FuzzyUTest
 36/111 Test  #36: FuzzyUTest .......................   Passed    0.05 sec
        Start  37: NeighborUTest
 37/111 Test  #37: NeighborUTest ....................   Passed    0.00 sec
        Start  38: UnifyUTest
 38/111 Test  #38: UnifyUTest .......................   Passed    8.41 sec
        Start  39: AtomSpaceUtilsUTest
 39/111 Test  #39: AtomSpaceUtilsUTest ..............   Passed    0.00 sec
        Start  40: AttentionUTest
 40/111 Test  #40: AttentionUTest ...................   Passed    0.01 sec
        Start  41: BasicSCMUTest
 41/111 Test  #41: BasicSCMUTest ....................   Passed    1.14 sec
        Start  42: SCMPrimitiveUTest
 42/111 Test  #42: SCMPrimitiveUTest ................   Passed    0.56 sec
        Start  43: MultiAtomSpaceUTest
 43/111 Test  #43: MultiAtomSpaceUTest ..............   Passed    0.93 sec
        Start  44: MultiThreadUTest
 44/111 Test  #44: MultiThreadUTest .................   Passed    3.64 sec
        Start  45: SCMUtilsUTest
 45/111 Test  #45: SCMUtilsUTest ....................   Passed    0.37 sec
        Start  46: SCMExecutionOutputUTest
 46/111 Test  #46: SCMExecutionOutputUTest ..........   Passed    0.30 sec
        Start  47: PatternUTest
 47/111 Test  #47: PatternUTest .....................   Passed    0.05 sec
        Start  48: StackUTest
 48/111 Test  #48: StackUTest .......................   Passed    0.06 sec
        Start  49: BigPatternUTest
 49/111 Test  #49: BigPatternUTest ..................   Passed    0.06 sec
        Start  50: BiggerPatternUTest
 50/111 Test  #50: BiggerPatternUTest ...............   Passed    0.10 sec
        Start  51: LoopPatternUTest
 51/111 Test  #51: LoopPatternUTest .................   Passed    0.06 sec
        Start  52: BooleanUTest
 52/111 Test  #52: BooleanUTest .....................   Passed    0.06 sec
        Start  53: Boolean2NotUTest
 53/111 Test  #53: Boolean2NotUTest .................   Passed    0.06 sec
        Start  54: ConstantClausesUTest
 54/111 Test  #54: ConstantClausesUTest .............   Passed    0.38 sec
        Start  55: PatternCrashUTest
 55/111 Test  #55: PatternCrashUTest ................   Passed    0.23 sec
        Start  56: DisconnectedUTest
 56/111 Test  #56: DisconnectedUTest ................   Passed    0.82 sec
        Start  57: ImplicationUTest
 57/111 Test  #57: ImplicationUTest .................   Passed    0.27 sec
        Start  58: ExecutionOutputUTest
 58/111 Test  #58: ExecutionOutputUTest .............   Passed    0.36 sec
        Start  59: BuggyStackUTest
 59/111 Test  #59: BuggyStackUTest ..................   Passed    0.44 sec
        Start  60: VarTypeNotUTest
 60/111 Test  #60: VarTypeNotUTest ..................   Passed    0.51 sec
        Start  61: BuggyNotUTest
 61/111 Test  #61: BuggyNotUTest ....................   Passed    0.55 sec
        Start  62: MatchLinkUTest
 62/111 Test  #62: MatchLinkUTest ...................   Passed    0.52 sec
        Start  63: UnorderedUTest
 63/111 Test  #63: UnorderedUTest ...................   Passed    0.83 sec
        Start  64: StackMoreUTest
 64/111 Test  #64: StackMoreUTest ...................   Passed    2.47 sec
        Start  65: GlobUTest
 65/111 Test  #65: GlobUTest ........................   Passed    0.98 sec
        Start  66: RecognizerUTest
 66/111 Test  #66: RecognizerUTest ..................   Passed    0.40 sec
        Start  67: ArcanaUTest
 67/111 Test  #67: ArcanaUTest ......................   Passed    4.74 sec
        Start  68: SubstitutionUTest
 68/111 Test  #68: SubstitutionUTest ................   Passed    0.41 sec
        Start  69: GetLinkUTest
 69/111 Test  #69: GetLinkUTest .....................   Passed    0.34 sec
        Start  70: GetStateUTest
 70/111 Test  #70: GetStateUTest ....................   Passed    1.15 sec
        Start  71: DeepTypeUTest
 71/111 Test  #71: DeepTypeUTest ....................   Passed    0.41 sec
        Start  72: GreaterThanUTest
 72/111 Test  #72: GreaterThanUTest .................   Passed    0.49 sec
        Start  73: GreaterComputeUTest
 73/111 Test  #73: GreaterComputeUTest ..............   Passed    0.41 sec
        Start  74: SequenceUTest
 74/111 Test  #74: SequenceUTest ....................   Passed    0.47 sec
        Start  75: EvaluationUTest
 75/111 Test  #75: EvaluationUTest ..................   Passed    0.68 sec
        Start  76: DontExecUTest
 76/111 Test  #76: DontExecUTest ....................   Passed    1.52 sec
        Start  77: QuoteUTest
 77/111 Test  #77: QuoteUTest .......................   Passed    1.44 sec
        Start  78: UnquoteUTest
 78/111 Test  #78: UnquoteUTest .....................   Passed    0.15 sec
        Start  79: LocalQuoteUTest
 79/111 Test  #79: LocalQuoteUTest ..................   Passed    0.18 sec
        Start  80: BuggyLinkUTest
 80/111 Test  #80: BuggyLinkUTest ...................   Passed    0.42 sec
        Start  81: BuggyQuoteUTest
 81/111 Test  #81: BuggyQuoteUTest ..................   Passed    0.47 sec
        Start  82: BuggyEqualUTest
 82/111 Test  #82: BuggyEqualUTest ..................   Passed    0.42 sec
        Start  83: BuggySelfGroundUTest
 83/111 Test  #83: BuggySelfGroundUTest .............   Passed    0.40 sec
        Start  84: ChoiceLinkUTest
 84/111 Test  #84: ChoiceLinkUTest ..................   Passed    1.34 sec
        Start  85: DefineUTest
 85/111 Test  #85: DefineUTest ......................   Passed    0.46 sec
        Start  86: FiniteStateMachineUTest
 86/111 Test  #86: FiniteStateMachineUTest ..........   Passed    0.26 sec
        Start  87: AbsentUTest
 87/111 Test  #87: AbsentUTest ......................   Passed    0.81 sec
        Start  88: SingleUTest
 88/111 Test  #88: SingleUTest ......................   Passed    0.23 sec
        Start  89: ScopeUTest
 89/111 Test  #89: ScopeUTest .......................   Passed    0.96 sec
        Start  90: FirstNUTest
 90/111 Test  #90: FirstNUTest ......................   Passed    0.46 sec
        Start  91: AttentionalFocusCBUTest
 91/111 Test  #91: AttentionalFocusCBUTest ..........   Passed    0.57 sec
        Start  92: SudokuUTest
 92/111 Test  #92: SudokuUTest ......................   Passed    0.58 sec
        Start  93: EinsteinUTest
 93/111 Test  #93: EinsteinUTest ....................   Passed    6.33 sec
        Start  94: TypeChoiceUTest
 94/111 Test  #94: TypeChoiceUTest ..................   Passed    0.17 sec
        Start  95: NoExceptionUTest
 95/111 Test  #95: NoExceptionUTest .................   Passed    0.32 sec
        Start  96: ChainerUtilsUTest
 96/111 Test  #96: ChainerUtilsUTest ................   Passed    0.19 sec
        Start  97: UREConfigUTest
 97/111 Test  #97: UREConfigUTest ...................   Passed    0.83 sec
        Start  98: RuleUTest
 98/111 Test  #98: RuleUTest ........................   Passed    1.62 sec
        Start  99: ForwardChainerUTest
 99/111 Test  #99: ForwardChainerUTest ..............   Passed    1.81 sec
        Start 100: BetaDistributionUTest
100/111 Test #100: BetaDistributionUTest ............   Passed    0.14 sec
        Start 101: BackwardChainerUTest
101/111 Test #101: BackwardChainerUTest .............   Passed    4.89 sec
        Start 102: ActionSelectionUTest
102/111 Test #102: ActionSelectionUTest .............   Passed    0.01 sec
        Start 103: ControlPolicyUTest
103/111 Test #103: ControlPolicyUTest ...............   Passed    0.58 sec
        Start 104: BITUTest
104/111 Test #104: BITUTest .........................   Passed    1.71 sec
        Start 105: PythonEvalUTest
105/111 Test #105: PythonEvalUTest ..................   Passed    0.58 sec
        Start 106: PythonUtilitiesUTest
106/111 Test #106: PythonUtilitiesUTest .............   Passed    0.12 sec
        Start 107: Cython
107/111 Test #107: Cython ...........................   Passed    4.02 sec
        Start 108: CythonAtomSpace
108/111 Test #108: CythonAtomSpace ..................   Passed    1.24 sec
        Start 109: CythonUtilities
109/111 Test #109: CythonUtilities ..................   Passed    0.28 sec
        Start 110: CythonBindlink
110/111 Test #110: CythonBindlink ...................   Passed    0.38 sec
        Start 111: CythonGuile
111/111 Test #111: CythonGuile ......................   Passed    0.57 sec

100% tests passed, 0 tests failed out of 111

Total Test time (real) = 113.81 sec
[100%] Built target test
+ DSTATUS=TESTPASS
+ /var/lib/jenkins/status/updateStatus TESTPASS /var/lib/jenkins/jobs/OpenCOG_DebStab_Atomspace/builds/5/log OpenCOG_DebStab_Atomspace
Already up-to-date.
~/status/jobs ~/status
