Started by user [8mha:////4L2jTPWu9zIb56dnp8RqVObesKKV2DVGI0jJXlam1DqAAAAAlx+LCAAAAAAAAP9b85aBtbiIQTGjNKU4P08vOT+vOD8nVc83PyU1x6OyILUoJzMv2y+/JJUBAhiZGBgqihhk0NSjKDWzXb3RdlLBUSYGJk8GtpzUvPSSDB8G5tKinBIGIZ+sxLJE/ZzEvHT94JKizLx0a6BxUmjGOUNodHsLgAzWEgZu/dLi1CL9xJTczDwAj6GcLcAAAAA=[0madmin
Started by user [8mha:////4L2jTPWu9zIb56dnp8RqVObesKKV2DVGI0jJXlam1DqAAAAAlx+LCAAAAAAAAP9b85aBtbiIQTGjNKU4P08vOT+vOD8nVc83PyU1x6OyILUoJzMv2y+/JJUBAhiZGBgqihhk0NSjKDWzXb3RdlLBUSYGJk8GtpzUvPSSDB8G5tKinBIGIZ+sxLJE/ZzEvHT94JKizLx0a6BxUmjGOUNodHsLgAzWEgZu/dLi1CL9xJTczDwAj6GcLcAAAAA=[0madmin
Building in workspace /var/lib/jenkins/workspace/OpenCOG_U1404_CogUtil
[OpenCOG_U1404_CogUtil] $ /bin/sh -xe /tmp/jenkins4113244704633239749.sh
+ COGDIR=../OpenCOG_U1404
+ . ../OpenCOG_U1404/build.docker/docker.env
+ CID=b002e6ff49a58c50dc7c2ed17573d6321fd93b2a9be00d4a2e828e666dc84373
+ DKRUNROOT=docker exec --user root   b002e6ff49a58c50dc7c2ed17573d6321fd93b2a9be00d4a2e828e666dc84373
+ DKRUNUSER=docker exec --user jenkins  b002e6ff49a58c50dc7c2ed17573d6321fd93b2a9be00d4a2e828e666dc84373
+ UID=125
+ GID=132
+ LOGFILE=/var/lib/jenkins/jobs/OpenCOG_U1404_CogUtil/builds/330/log
+ cat


**********************************************************
**********************************************************
**********************************************************
**********************************************************
*****                                                *****
*****                  Cogutil TEST                *****
*****                                                *****
**********************************************************
**********************************************************
**********************************************************
**********************************************************


+ echo GIT_COMMIT=
GIT_COMMIT=
+ echo GIT_BRANCH=
GIT_BRANCH=
+ echo GIT_URL=
GIT_URL=
+ WDIR=cogutil
+ JOBDIR=../OpenCOG_U1404/dependencies
+ cat
+ chmod +x ../OpenCOG_U1404/dependencies/job1
+ docker exec --user jenkins b002e6ff49a58c50dc7c2ed17573d6321fd93b2a9be00d4a2e828e666dc84373 bash dependencies/job1
+ cd cogutil
+ cd build
+ make -j8 test
[ 41%] Built target cogutil
[ 45%] [ 45%] [ 47%] [ 52%] [ 52%] [ 54%] [ 56%] Generating lru_cacheUTest.cpp
[ 58%] Generating StringTokenizerUTest.cpp
Generating iostreamContainerUTest.cpp
Generating LoggerUTest.cpp
Generating ConfigUTest.cpp
Generating lazy_selectorUTest.cpp
Generating rankingUTest.cpp
Generating numericUTest.cpp
Scanning dependencies of target ConfigUTest
Scanning dependencies of target StringTokenizerUTest
Scanning dependencies of target rankingUTest
[ 60%] Scanning dependencies of target iostreamContainerUTest
Scanning dependencies of target numericUTest
Scanning dependencies of target lazy_selectorUTest
Scanning dependencies of target lru_cacheUTest
Scanning dependencies of target LoggerUTest
Building CXX object tests/util/CMakeFiles/ConfigUTest.dir/ConfigUTest.cpp.o
[ 63%] [ 65%] [ 67%] [ 69%] Building CXX object tests/util/CMakeFiles/rankingUTest.dir/rankingUTest.cpp.o
[ 76%] [ 76%] [ 76%] Building CXX object tests/util/CMakeFiles/StringTokenizerUTest.dir/StringTokenizerUTest.cpp.o
Building CXX object tests/util/CMakeFiles/LoggerUTest.dir/LoggerUTest.cpp.o
Building CXX object tests/util/CMakeFiles/numericUTest.dir/numericUTest.cpp.o
Building CXX object tests/util/CMakeFiles/lru_cacheUTest.dir/lru_cacheUTest.cpp.o
Building CXX object tests/util/CMakeFiles/iostreamContainerUTest.dir/iostreamContainerUTest.cpp.o
Building CXX object tests/util/CMakeFiles/lazy_selectorUTest.dir/lazy_selectorUTest.cpp.o
In file included from /home/opencog/cogutil/tests/util/numericUTest.cxxtest:24:0,
                 from /home/opencog/cogutil/build/tests/util/numericUTest.cpp:24:
/home/opencog/cogutil/opencog/util/numeric.h: In function 'bool opencog::is_approx_eq_ulp(double, double, long long int)':
/home/opencog/cogutil/opencog/util/numeric.h:287:44: warning: dereferencing type-punned pointer will break strict-aliasing rules [-Wstrict-aliasing]
  long long int ulps = llabs(*(int64_t*) &(x) - *(int64_t*)&(y));
                                            ^
/home/opencog/cogutil/opencog/util/numeric.h:287:62: warning: dereferencing type-punned pointer will break strict-aliasing rules [-Wstrict-aliasing]
  long long int ulps = llabs(*(int64_t*) &(x) - *(int64_t*)&(y));
                                                              ^
In file included from /home/opencog/cogutil/opencog/util/random.h:34:0,
                 from /home/opencog/cogutil/tests/util/LoggerUTest.cxxtest:37,
                 from /home/opencog/cogutil/build/tests/util/LoggerUTest.cpp:24:
/home/opencog/cogutil/opencog/util/numeric.h: In function 'bool opencog::is_approx_eq_ulp(double, double, long long int)':
/home/opencog/cogutil/opencog/util/numeric.h:287:44: warning: dereferencing type-punned pointer will break strict-aliasing rules [-Wstrict-aliasing]
  long long int ulps = llabs(*(int64_t*) &(x) - *(int64_t*)&(y));
                                            ^
/home/opencog/cogutil/opencog/util/numeric.h:287:62: warning: dereferencing type-punned pointer will break strict-aliasing rules [-Wstrict-aliasing]
  long long int ulps = llabs(*(int64_t*) &(x) - *(int64_t*)&(y));
                                                              ^
Linking CXX executable StringTokenizerUTest
[ 76%] Built target StringTokenizerUTest
[ 78%] Generating functionalUTest.cpp
Scanning dependencies of target functionalUTest
[ 80%] Building CXX object tests/util/CMakeFiles/functionalUTest.dir/functionalUTest.cpp.o
Linking CXX executable lazy_selectorUTest
[ 80%] Built target lazy_selectorUTest
[ 82%] Generating KLDUTest.cpp
Linking CXX executable ConfigUTest
Scanning dependencies of target KLDUTest
[ 84%] Building CXX object tests/util/CMakeFiles/KLDUTest.dir/KLDUTest.cpp.o
[ 84%] Built target ConfigUTest
[ 86%] Generating randomUTest.cpp
Scanning dependencies of target randomUTest
[ 89%] Building CXX object tests/util/CMakeFiles/randomUTest.dir/randomUTest.cpp.o
Linking CXX executable rankingUTest
[ 89%] Built target rankingUTest
[ 91%] Generating comprehensionUTest.cpp
Scanning dependencies of target comprehensionUTest
[ 93%] Building CXX object tests/util/CMakeFiles/comprehensionUTest.dir/comprehensionUTest.cpp.o
Linking CXX executable numericUTest
[ 93%] Built target numericUTest
[ 95%] Generating CounterUTest.cpp
Scanning dependencies of target CounterUTest
[ 97%] Building CXX object tests/util/CMakeFiles/CounterUTest.dir/CounterUTest.cpp.o
Linking CXX executable iostreamContainerUTest
In file included from /home/opencog/cogutil/opencog/util/algorithm.h:11:0,
                 from /home/opencog/cogutil/tests/util/functionalUTest.cxxtest:24,
                 from /home/opencog/cogutil/build/tests/util/functionalUTest.cpp:24:
/home/opencog/cogutil/opencog/util/numeric.h: In function 'bool opencog::is_approx_eq_ulp(double, double, long long int)':
/home/opencog/cogutil/opencog/util/numeric.h:287:44: warning: dereferencing type-punned pointer will break strict-aliasing rules [-Wstrict-aliasing]
  long long int ulps = llabs(*(int64_t*) &(x) - *(int64_t*)&(y));
                                            ^
/home/opencog/cogutil/opencog/util/numeric.h:287:62: warning: dereferencing type-punned pointer will break strict-aliasing rules [-Wstrict-aliasing]
  long long int ulps = llabs(*(int64_t*) &(x) - *(int64_t*)&(y));
                                                              ^
[ 97%] Built target iostreamContainerUTest
Linking CXX executable LoggerUTest
[ 97%] Built target LoggerUTest
In file included from /home/opencog/cogutil/opencog/util/random.h:34:0,
                 from /home/opencog/cogutil/tests/util/KLDUTest.cxxtest:25,
                 from /home/opencog/cogutil/build/tests/util/KLDUTest.cpp:24:
/home/opencog/cogutil/opencog/util/numeric.h: In function 'bool opencog::is_approx_eq_ulp(double, double, long long int)':
/home/opencog/cogutil/opencog/util/numeric.h:287:44: warning: dereferencing type-punned pointer will break strict-aliasing rules [-Wstrict-aliasing]
  long long int ulps = llabs(*(int64_t*) &(x) - *(int64_t*)&(y));
                                            ^
/home/opencog/cogutil/opencog/util/numeric.h:287:62: warning: dereferencing type-punned pointer will break strict-aliasing rules [-Wstrict-aliasing]
  long long int ulps = llabs(*(int64_t*) &(x) - *(int64_t*)&(y));
                                                              ^
Linking CXX executable lru_cacheUTest
[ 97%] Built target lru_cacheUTest
In file included from /home/opencog/cogutil/opencog/util/random.h:34:0,
                 from /home/opencog/cogutil/tests/util/randomUTest.cxxtest:23,
                 from /home/opencog/cogutil/build/tests/util/randomUTest.cpp:24:
/home/opencog/cogutil/opencog/util/numeric.h: In function 'bool opencog::is_approx_eq_ulp(double, double, long long int)':
/home/opencog/cogutil/opencog/util/numeric.h:287:44: warning: dereferencing type-punned pointer will break strict-aliasing rules [-Wstrict-aliasing]
  long long int ulps = llabs(*(int64_t*) &(x) - *(int64_t*)&(y));
                                            ^
/home/opencog/cogutil/opencog/util/numeric.h:287:62: warning: dereferencing type-punned pointer will break strict-aliasing rules [-Wstrict-aliasing]
  long long int ulps = llabs(*(int64_t*) &(x) - *(int64_t*)&(y));
                                                              ^
Linking CXX executable KLDUTest
[ 97%] Built target KLDUTest
Linking CXX executable functionalUTest
[ 97%] Built target functionalUTest
Linking CXX executable CounterUTest
[ 97%] Built target CounterUTest
Linking CXX executable comprehensionUTest
[ 97%] Built target comprehensionUTest
Linking CXX executable randomUTest
[ 97%] Built target randomUTest
Scanning dependencies of target tests
[ 97%] Built target tests
Scanning dependencies of target test
[100%] Running tests...
Test project /home/opencog/cogutil/build/tests
      Start  1: ConfigUTest
 1/13 Test  #1: ConfigUTest ......................   Passed    0.01 sec
      Start  2: LoggerUTest
 2/13 Test  #2: LoggerUTest ......................   Passed    0.88 sec
      Start  3: StringTokenizerUTest
 3/13 Test  #3: StringTokenizerUTest .............   Passed    0.01 sec
      Start  4: lazy_selectorUTest
 4/13 Test  #4: lazy_selectorUTest ...............   Passed    0.00 sec
      Start  5: lru_cacheUTest
 5/13 Test  #5: lru_cacheUTest ...................   Passed    0.01 sec
      Start  6: iostreamContainerUTest
 6/13 Test  #6: iostreamContainerUTest ...........   Passed    0.01 sec
      Start  7: numericUTest
 7/13 Test  #7: numericUTest .....................   Passed    0.06 sec
      Start  8: functionalUTest
 8/13 Test  #8: functionalUTest ..................   Passed    0.00 sec
      Start  9: KLDUTest
 9/13 Test  #9: KLDUTest .........................   Passed    3.39 sec
      Start 10: randomUTest
10/13 Test #10: randomUTest ......................   Passed    1.39 sec
      Start 11: comprehensionUTest
11/13 Test #11: comprehensionUTest ...............   Passed    0.00 sec
      Start 12: CounterUTest
12/13 Test #12: CounterUTest .....................   Passed    0.00 sec
      Start 13: rankingUTest
13/13 Test #13: rankingUTest .....................   Passed    0.00 sec

100% tests passed, 0 tests failed out of 13

Total Test time (real) =   5.77 sec
[100%] Built target test
+ DSTATUS=TESTPASS
+ /var/lib/jenkins/status/updateStatus TESTPASS /var/lib/jenkins/jobs/OpenCOG_U1404_CogUtil/builds/330/log OpenCOG_U1404_CogUtil
Auto packing the repository in background for optimum performance.
See "git help gc" for manual housekeeping.
error: The last gc run reported the following. Please correct the root cause
and remove .git/gc.log.
Automatic cleanup will not be performed until the file is removed.

error: pack-objects died of signal 15
error: failed to run repack

Already up-to-date.
