Started by user [8mha:////4L2jTPWu9zIb56dnp8RqVObesKKV2DVGI0jJXlam1DqAAAAAlx+LCAAAAAAAAP9b85aBtbiIQTGjNKU4P08vOT+vOD8nVc83PyU1x6OyILUoJzMv2y+/JJUBAhiZGBgqihhk0NSjKDWzXb3RdlLBUSYGJk8GtpzUvPSSDB8G5tKinBIGIZ+sxLJE/ZzEvHT94JKizLx0a6BxUmjGOUNodHsLgAzWEgZu/dLi1CL9xJTczDwAj6GcLcAAAAA=[0madmin
Building in workspace /var/lib/jenkins/workspace/OpenCOG_U1710_Moses
[OpenCOG_U1710_Moses] $ /bin/sh -xe /tmp/jenkins4231280160291653962.sh
+ COGDIR=../OpenCOG_U1710
+ . ../OpenCOG_U1710/build.docker/docker.env
+ CID=4738561057c2cc0d8d8a5a3dfc22e204185aa42b19e13a77170d5dfd9c77307b
+ DKRUNROOT=docker exec --user root   4738561057c2cc0d8d8a5a3dfc22e204185aa42b19e13a77170d5dfd9c77307b
+ DKRUNUSER=docker exec --user jenkins  4738561057c2cc0d8d8a5a3dfc22e204185aa42b19e13a77170d5dfd9c77307b
+ UID=125
+ GID=132
+ LOGFILE=/var/lib/jenkins/jobs/OpenCOG_U1710_Moses/builds/45/log
+ cat


**********************************************************
**********************************************************
**********************************************************
**********************************************************
*****                                                *****
*****                  MOSES TEST                    *****
*****                                                *****
**********************************************************
**********************************************************
**********************************************************
**********************************************************


+ echo GIT_COMMIT=
GIT_COMMIT=
+ echo GIT_BRANCH=
GIT_BRANCH=
+ echo GIT_URL=
GIT_URL=
+ WDIR=moses
+ JOBDIR=../OpenCOG_U1710/dependencies
+ cat
+ chmod +x ../OpenCOG_U1710/dependencies/job1
+ docker exec --user jenkins 4738561057c2cc0d8d8a5a3dfc22e204185aa42b19e13a77170d5dfd9c77307b bash dependencies/job1
+ cd moses
+ cd build
+ make -j8 test
Scanning dependencies of target ant_scoring
[  4%] Built target moses_exec
[  8%] Built target feature_selection
[  8%] Building CXX object examples/example-ant/CMakeFiles/ant_scoring.dir/ant_scoring.cc.o
[ 30%] Built target comboreduct
[ 30%] Generating annUTest.cpp
[ 32%] Built target comboant
[ 34%] Generating listUTest.cpp
[ 35%] Generating procedure_repositoryUTest.cpp
[ 36%] Generating vertexUTest.cpp
[ 38%] Generating procedure_callUTest.cpp
[ 38%] Generating messageUTest.cpp
Scanning dependencies of target annUTest
[ 38%] Building CXX object tests/comboreduct/combo/CMakeFiles/annUTest.dir/annUTest.cpp.o
[ 56%] Built target moses
Scanning dependencies of target vertexUTest
Scanning dependencies of target procedure_repositoryUTest
[ 57%] Generating iostream_comboUTest.cpp
[ 57%] Building CXX object tests/comboreduct/combo/CMakeFiles/vertexUTest.dir/vertexUTest.cpp.o
[ 57%] Building CXX object tests/comboreduct/combo/CMakeFiles/procedure_repositoryUTest.dir/procedure_repositoryUTest.cpp.o
Scanning dependencies of target listUTest
Scanning dependencies of target procedure_callUTest
[ 57%] Building CXX object tests/comboreduct/combo/CMakeFiles/listUTest.dir/listUTest.cpp.o
Scanning dependencies of target messageUTest
[ 57%] Building CXX object tests/comboreduct/combo/CMakeFiles/procedure_callUTest.dir/procedure_callUTest.cpp.o
[ 58%] Building CXX object tests/comboreduct/combo/CMakeFiles/messageUTest.dir/messageUTest.cpp.o
Scanning dependencies of target iostream_comboUTest
[ 58%] Building CXX object tests/comboreduct/combo/CMakeFiles/iostream_comboUTest.dir/iostream_comboUTest.cpp.o
[ 60%] Linking CXX executable annUTest
[ 60%] Built target annUTest
[ 61%] Generating similarityUTest.cpp
Scanning dependencies of target similarityUTest
[ 61%] Building CXX object tests/comboreduct/combo/CMakeFiles/similarityUTest.dir/similarityUTest.cpp.o
[ 61%] Linking CXX executable vertexUTest
[ 61%] Built target vertexUTest
[ 63%] Generating interpreterUTest.cpp
Scanning dependencies of target interpreterUTest
[ 63%] Building CXX object tests/comboreduct/combo/CMakeFiles/interpreterUTest.dir/interpreterUTest.cpp.o
[ 63%] Linking CXX static library libant_scoring.a
[ 63%] Built target ant_scoring
[ 63%] Generating FoldReductUTest.cpp
Scanning dependencies of target FoldReductUTest
[ 63%] Building CXX object tests/comboreduct/reduct/CMakeFiles/FoldReductUTest.dir/FoldReductUTest.cpp.o
[ 63%] Linking CXX executable iostream_comboUTest
[ 63%] Built target iostream_comboUTest
[ 63%] Generating BooleanFullUTest.cpp
Scanning dependencies of target BooleanFullUTest
[ 63%] Building CXX object tests/comboreduct/reduct/CMakeFiles/BooleanFullUTest.dir/BooleanFullUTest.cpp.o
[ 63%] Linking CXX executable messageUTest
[ 63%] Built target messageUTest
[ 63%] Generating BooleanReductUTest.cpp
Scanning dependencies of target BooleanReductUTest
[ 63%] Building CXX object tests/comboreduct/reduct/CMakeFiles/BooleanReductUTest.dir/BooleanReductUTest.cpp.o
[ 63%] Linking CXX executable listUTest
[ 63%] Built target listUTest
[ 63%] Generating ContinReductUTest.cpp
Scanning dependencies of target ContinReductUTest
[ 63%] Building CXX object tests/comboreduct/reduct/CMakeFiles/ContinReductUTest.dir/ContinReductUTest.cpp.o
[ 63%] Linking CXX executable procedure_callUTest
[ 63%] Built target procedure_callUTest
[ 63%] Generating FullReductUTest.cpp
Scanning dependencies of target FullReductUTest
[ 63%] Building CXX object tests/comboreduct/reduct/CMakeFiles/FullReductUTest.dir/FullReductUTest.cpp.o
[ 63%] Linking CXX executable procedure_repositoryUTest
[ 63%] Built target procedure_repositoryUTest
[ 63%] Generating MixedReductUTest.cpp
Scanning dependencies of target MixedReductUTest
[ 64%] Building CXX object tests/comboreduct/reduct/CMakeFiles/MixedReductUTest.dir/MixedReductUTest.cpp.o
[ 64%] Linking CXX executable similarityUTest
[ 64%] Built target similarityUTest
[ 64%] Generating ANNReductUTest.cpp
Scanning dependencies of target ANNReductUTest
[ 64%] Building CXX object tests/comboreduct/reduct/CMakeFiles/ANNReductUTest.dir/ANNReductUTest.cpp.o
[ 65%] Linking CXX executable FoldReductUTest
[ 65%] Built target FoldReductUTest
[ 67%] Generating tableUTest.cpp
Scanning dependencies of target tableUTest
[ 67%] Building CXX object tests/comboreduct/table/CMakeFiles/tableUTest.dir/tableUTest.cpp.o
[ 67%] Linking CXX executable interpreterUTest
[ 67%] Built target interpreterUTest
[ 68%] Generating type_treeUTest.cpp
Scanning dependencies of target type_treeUTest
[ 68%] Building CXX object tests/comboreduct/type_checker/CMakeFiles/type_treeUTest.dir/type_treeUTest.cpp.o
[ 69%] Linking CXX executable BooleanFullUTest
[ 71%] Linking CXX executable BooleanReductUTest
[ 71%] Built target BooleanFullUTest
[ 71%] Built target BooleanReductUTest
[ 71%] Generating MOSESUTest.cpp
[ 71%] Generating scoringUTest.cpp
Scanning dependencies of target MOSESUTest
[ 72%] Building CXX object tests/moses/CMakeFiles/MOSESUTest.dir/MOSESUTest.cpp.o
[ 73%] Linking CXX executable ContinReductUTest
Scanning dependencies of target scoringUTest
[ 75%] Building CXX object tests/moses/CMakeFiles/scoringUTest.dir/scoringUTest.cpp.o
[ 75%] Built target ContinReductUTest
[ 75%] Generating representationUTest.cpp
Scanning dependencies of target representationUTest
[ 76%] Building CXX object tests/moses/CMakeFiles/representationUTest.dir/representationUTest.cpp.o
[ 78%] Linking CXX executable FullReductUTest
[ 78%] Built target FullReductUTest
[ 79%] Generating selectionUTest.cpp
Scanning dependencies of target selectionUTest
[ 79%] Building CXX object tests/moses/CMakeFiles/selectionUTest.dir/selectionUTest.cpp.o
[ 79%] Linking CXX executable MixedReductUTest
[ 79%] Built target MixedReductUTest
[ 79%] Generating NeighborSamplingUTest.cpp
Scanning dependencies of target NeighborSamplingUTest
[ 80%] Building CXX object tests/moses/CMakeFiles/NeighborSamplingUTest.dir/NeighborSamplingUTest.cpp.o
[ 82%] Linking CXX executable ANNReductUTest
[ 82%] Built target ANNReductUTest
[ 82%] Generating optimizationUTest.cpp
Scanning dependencies of target optimizationUTest
[ 82%] Building CXX object tests/moses/CMakeFiles/optimizationUTest.dir/optimizationUTest.cpp.o
[ 82%] Linking CXX executable representationUTest
[ 82%] Built target representationUTest
[ 82%] Linking CXX executable type_treeUTest
[ 83%] Generating iostream_scored_combo_treeUTest.cpp
Scanning dependencies of target iostream_scored_combo_treeUTest
[ 83%] Building CXX object tests/moses/CMakeFiles/iostream_scored_combo_treeUTest.dir/iostream_scored_combo_treeUTest.cpp.o
[ 83%] Built target type_treeUTest
[ 84%] Generating irisUTest.cpp
Scanning dependencies of target irisUTest
[ 84%] Building CXX object tests/moses/CMakeFiles/irisUTest.dir/irisUTest.cpp.o
[ 84%] Linking CXX executable scoringUTest
[ 84%] Built target scoringUTest
[ 86%] Generating metapopulationUTest.cpp
Scanning dependencies of target metapopulationUTest
[ 86%] Building CXX object tests/moses/CMakeFiles/metapopulationUTest.dir/metapopulationUTest.cpp.o
[ 86%] Linking CXX executable MOSESUTest
[ 86%] Linking CXX executable NeighborSamplingUTest
[ 86%] Built target NeighborSamplingUTest
[ 86%] Built target MOSESUTest
[ 86%] Generating KnobTurningUTest.cpp
[ 86%] Generating FieldSetUTest.cpp
Scanning dependencies of target KnobTurningUTest
Scanning dependencies of target FieldSetUTest
[ 86%] Building CXX object tests/moses/CMakeFiles/KnobTurningUTest.dir/KnobTurningUTest.cpp.o
[ 86%] Building CXX object tests/moses/CMakeFiles/FieldSetUTest.dir/FieldSetUTest.cpp.o
[ 87%] Linking CXX executable optimizationUTest
[ 87%] Built target optimizationUTest
[ 89%] Generating weightedUTest.cpp
Scanning dependencies of target weightedUTest
[ 89%] Building CXX object tests/moses/CMakeFiles/weightedUTest.dir/weightedUTest.cpp.o
[ 89%] Linking CXX executable selectionUTest
[ 89%] Built target selectionUTest
[ 89%] Generating dynFeatSelUTest.cpp
Scanning dependencies of target dynFeatSelUTest
[ 89%] Building CXX object tests/moses/CMakeFiles/dynFeatSelUTest.dir/dynFeatSelUTest.cpp.o
[ 89%] Linking CXX executable tableUTest
[ 89%] Built target tableUTest
[ 89%] Generating AntUTest.cpp
Scanning dependencies of target AntUTest
[ 89%] Building CXX object tests/moses/CMakeFiles/AntUTest.dir/AntUTest.cpp.o
[ 90%] Linking CXX executable FieldSetUTest
[ 90%] Built target FieldSetUTest
[ 90%] Generating mixedUTest.cpp
Scanning dependencies of target mixedUTest
[ 91%] Building CXX object tests/moses/CMakeFiles/mixedUTest.dir/mixedUTest.cpp.o
[ 91%] Linking CXX executable iostream_scored_combo_treeUTest
[ 91%] Built target iostream_scored_combo_treeUTest
[ 91%] Generating feature_selectionUTest.cpp
Scanning dependencies of target feature_selectionUTest
[ 91%] Building CXX object tests/feature-selection/CMakeFiles/feature_selectionUTest.dir/feature_selectionUTest.cpp.o
[ 93%] Linking CXX executable KnobTurningUTest
[ 93%] Built target KnobTurningUTest
[ 93%] Linking CXX executable irisUTest
[ 93%] Built target irisUTest
[ 93%] Linking CXX executable metapopulationUTest
[ 93%] Built target metapopulationUTest
[ 94%] Linking CXX executable weightedUTest
[ 94%] Built target weightedUTest
[ 95%] Linking CXX executable dynFeatSelUTest
[ 95%] Built target dynFeatSelUTest
[ 95%] Linking CXX executable mixedUTest
[ 95%] Built target mixedUTest
[ 97%] Linking CXX executable AntUTest
[ 97%] Built target AntUTest
[ 98%] Linking CXX executable feature_selectionUTest
[ 98%] Built target feature_selectionUTest
Scanning dependencies of target tests
[ 98%] Built target tests
Scanning dependencies of target test
[100%] Running tests...
Test project /home/opencog/moses/build/tests
      Start  1: vertexUTest
 1/34 Test  #1: vertexUTest .......................   Passed    0.01 sec
      Start  2: messageUTest
 2/34 Test  #2: messageUTest ......................   Passed    0.00 sec
      Start  3: listUTest
 3/34 Test  #3: listUTest .........................   Passed    0.00 sec
      Start  4: similarityUTest
 4/34 Test  #4: similarityUTest ...................   Passed    0.00 sec
      Start  5: annUTest
 5/34 Test  #5: annUTest ..........................   Passed    0.00 sec
      Start  6: procedure_callUTest
 6/34 Test  #6: procedure_callUTest ...............   Passed    0.00 sec
      Start  7: procedure_repositoryUTest
 7/34 Test  #7: procedure_repositoryUTest .........   Passed    0.00 sec
      Start  8: interpreterUTest
 8/34 Test  #8: interpreterUTest ..................   Passed    0.00 sec
      Start  9: iostream_comboUTest
 9/34 Test  #9: iostream_comboUTest ...............   Passed    0.00 sec
      Start 10: BooleanReductUTest
10/34 Test #10: BooleanReductUTest ................   Passed    0.00 sec
      Start 11: BooleanFullUTest
11/34 Test #11: BooleanFullUTest ..................   Passed    0.09 sec
      Start 12: ContinReductUTest
12/34 Test #12: ContinReductUTest .................   Passed    0.01 sec
      Start 13: FullReductUTest
13/34 Test #13: FullReductUTest ...................   Passed    0.01 sec
      Start 14: MixedReductUTest
14/34 Test #14: MixedReductUTest ..................   Passed    0.06 sec
      Start 15: ANNReductUTest
15/34 Test #15: ANNReductUTest ....................   Passed    0.00 sec
      Start 16: FoldReductUTest
16/34 Test #16: FoldReductUTest ...................   Passed    0.00 sec
      Start 17: tableUTest
17/34 Test #17: tableUTest ........................   Passed    0.04 sec
      Start 18: type_treeUTest
18/34 Test #18: type_treeUTest ....................   Passed    0.10 sec
      Start 19: iostream_scored_combo_treeUTest
19/34 Test #19: iostream_scored_combo_treeUTest ...   Passed    0.02 sec
      Start 20: KnobTurningUTest
20/34 Test #20: KnobTurningUTest ..................   Passed    0.01 sec
      Start 21: NeighborSamplingUTest
21/34 Test #21: NeighborSamplingUTest .............   Passed    0.02 sec
      Start 22: FieldSetUTest
22/34 Test #22: FieldSetUTest .....................   Passed    0.09 sec
      Start 23: representationUTest
23/34 Test #23: representationUTest ...............   Passed    0.13 sec
      Start 24: scoringUTest
24/34 Test #24: scoringUTest ......................   Passed    0.02 sec
      Start 25: metapopulationUTest
25/34 Test #25: metapopulationUTest ...............   Passed    0.01 sec
      Start 26: optimizationUTest
26/34 Test #26: optimizationUTest .................   Passed    0.02 sec
      Start 27: MOSESUTest
27/34 Test #27: MOSESUTest ........................   Passed   18.06 sec
      Start 28: weightedUTest
28/34 Test #28: weightedUTest .....................   Passed   27.71 sec
      Start 29: mixedUTest
29/34 Test #29: mixedUTest ........................   Passed   12.47 sec
      Start 30: irisUTest
30/34 Test #30: irisUTest .........................   Passed   63.37 sec
      Start 31: selectionUTest
31/34 Test #31: selectionUTest ....................   Passed  130.95 sec
      Start 32: dynFeatSelUTest
32/34 Test #32: dynFeatSelUTest ...................   Passed   21.22 sec
      Start 33: AntUTest
33/34 Test #33: AntUTest ..........................   Passed    0.10 sec
      Start 34: feature_selectionUTest
34/34 Test #34: feature_selectionUTest ............   Passed    4.24 sec

100% tests passed, 0 tests failed out of 34

Total Test time (real) = 278.79 sec
[100%] Built target test
+ DSTATUS=TESTPASS
+ /var/lib/jenkins/status/updateStatus TESTPASS /var/lib/jenkins/jobs/OpenCOG_U1710_Moses/builds/45/log OpenCOG_U1710_Moses
Already up-to-date.
