Started by user [8mha:////4L2jTPWu9zIb56dnp8RqVObesKKV2DVGI0jJXlam1DqAAAAAlx+LCAAAAAAAAP9b85aBtbiIQTGjNKU4P08vOT+vOD8nVc83PyU1x6OyILUoJzMv2y+/JJUBAhiZGBgqihhk0NSjKDWzXb3RdlLBUSYGJk8GtpzUvPSSDB8G5tKinBIGIZ+sxLJE/ZzEvHT94JKizLx0a6BxUmjGOUNodHsLgAzWEgZu/dLi1CL9xJTczDwAj6GcLcAAAAA=[0madmin
Started by user [8mha:////4L2jTPWu9zIb56dnp8RqVObesKKV2DVGI0jJXlam1DqAAAAAlx+LCAAAAAAAAP9b85aBtbiIQTGjNKU4P08vOT+vOD8nVc83PyU1x6OyILUoJzMv2y+/JJUBAhiZGBgqihhk0NSjKDWzXb3RdlLBUSYGJk8GtpzUvPSSDB8G5tKinBIGIZ+sxLJE/ZzEvHT94JKizLx0a6BxUmjGOUNodHsLgAzWEgZu/dLi1CL9xJTczDwAj6GcLcAAAAA=[0madmin
Running as SYSTEM
Building in workspace /var/lib/jenkins/workspace/OpenCOG_DebStab_CogUtil
[OpenCOG_DebStab_CogUtil] $ /bin/sh -xe /tmp/jenkins4570651653977312478.sh
+ COGDIR=../OpenCOG_DebStab
+ . ../OpenCOG_DebStab/build.docker/docker.env
+ CID=d5419c42cf6c2424aa9f24fc29325cc88ca4747441b490803b65e4ddda23094c
+ DKRUNROOT=docker exec --user root   d5419c42cf6c2424aa9f24fc29325cc88ca4747441b490803b65e4ddda23094c
+ DKRUNUSER=docker exec --user jenkins  d5419c42cf6c2424aa9f24fc29325cc88ca4747441b490803b65e4ddda23094c
+ UID=125
+ GID=132
+ LOGFILE=/var/lib/jenkins/jobs/OpenCOG_DebStab_CogUtil/builds/397/log
+ cat


**********************************************************
**********************************************************
**********************************************************
**********************************************************
*****                                                *****
*****                  Cogutil TEST                *****
*****                                                *****
**********************************************************
**********************************************************
**********************************************************
**********************************************************


+ echo GIT_COMMIT=
GIT_COMMIT=
+ echo GIT_BRANCH=
GIT_BRANCH=
+ echo GIT_URL=
GIT_URL=
+ WDIR=cogutil
+ JOBDIR=../OpenCOG_DebStab/dependencies
+ cat
+ chmod +x ../OpenCOG_DebStab/dependencies/job1
+ docker exec --user jenkins d5419c42cf6c2424aa9f24fc29325cc88ca4747441b490803b65e4ddda23094c bash dependencies/job1
+ pwd
+ cd cogutil
+ cd build
/home/opencog
+ make -j8 test
[ 33%] Built target cogutil
[ 46%] Generating StringTokenizerUTest.cpp
[ 46%] Generating algorithmUTest.cpp
[ 46%] Generating comprehensionUTest.cpp
[ 46%] Generating LoggerUTest.cpp
[ 46%] Generating lru_cacheUTest.cpp
[ 46%] Generating rankingUTest.cpp
[ 46%] Generating lazy_selectorUTest.cpp
[ 46%] Generating CounterUTest.cpp
Scanning dependencies of target rankingUTest
Scanning dependencies of target lazy_selectorUTest
[ 48%] Building CXX object tests/util/CMakeFiles/rankingUTest.dir/rankingUTest.cpp.o
Scanning dependencies of target StringTokenizerUTest
Scanning dependencies of target CounterUTest
Scanning dependencies of target LoggerUTest
Scanning dependencies of target comprehensionUTest
Scanning dependencies of target algorithmUTest
Scanning dependencies of target lru_cacheUTest
[ 50%] Building CXX object tests/util/CMakeFiles/lazy_selectorUTest.dir/lazy_selectorUTest.cpp.o
[ 51%] Building CXX object tests/util/CMakeFiles/LoggerUTest.dir/LoggerUTest.cpp.o
[ 53%] Building CXX object tests/util/CMakeFiles/comprehensionUTest.dir/comprehensionUTest.cpp.o
[ 55%] Building CXX object tests/util/CMakeFiles/StringTokenizerUTest.dir/StringTokenizerUTest.cpp.o
[ 56%] Building CXX object tests/util/CMakeFiles/algorithmUTest.dir/algorithmUTest.cpp.o
[ 60%] Building CXX object tests/util/CMakeFiles/lru_cacheUTest.dir/lru_cacheUTest.cpp.o
[ 60%] Building CXX object tests/util/CMakeFiles/CounterUTest.dir/CounterUTest.cpp.o
[ 61%] Linking CXX executable StringTokenizerUTest
[ 61%] Built target StringTokenizerUTest
[ 63%] Generating KLDUTest.cpp
[ 65%] Linking CXX executable lazy_selectorUTest
Scanning dependencies of target KLDUTest
[ 66%] Building CXX object tests/util/CMakeFiles/KLDUTest.dir/KLDUTest.cpp.o
[ 66%] Built target lazy_selectorUTest
[ 68%] Generating iostreamContainerUTest.cpp
Scanning dependencies of target iostreamContainerUTest
[ 70%] Building CXX object tests/util/CMakeFiles/iostreamContainerUTest.dir/iostreamContainerUTest.cpp.o
[ 71%] Linking CXX executable rankingUTest
[ 71%] Built target rankingUTest
[ 73%] Generating ConfigUTest.cpp
Scanning dependencies of target ConfigUTest
[ 75%] Building CXX object tests/util/CMakeFiles/ConfigUTest.dir/ConfigUTest.cpp.o
[ 76%] Linking CXX executable algorithmUTest
[ 76%] Built target algorithmUTest
[ 78%] Generating randomUTest.cpp
Scanning dependencies of target randomUTest
[ 80%] Building CXX object tests/util/CMakeFiles/randomUTest.dir/randomUTest.cpp.o
[ 81%] Linking CXX executable LoggerUTest
[ 81%] Built target LoggerUTest
[ 83%] Generating numericUTest.cpp
Scanning dependencies of target numericUTest
[ 85%] Building CXX object tests/util/CMakeFiles/numericUTest.dir/numericUTest.cpp.o
[ 86%] Linking CXX executable CounterUTest
[ 86%] Built target CounterUTest
[ 88%] Linking CXX executable lru_cacheUTest
[ 90%] Linking CXX executable ConfigUTest
[ 90%] Built target lru_cacheUTest
[ 90%] Built target ConfigUTest
[ 91%] Linking CXX executable iostreamContainerUTest
[ 93%] Linking CXX executable comprehensionUTest
[ 93%] Built target iostreamContainerUTest
[ 93%] Built target comprehensionUTest
[ 95%] Linking CXX executable KLDUTest
[ 95%] Built target KLDUTest
[ 96%] Linking CXX executable numericUTest
[ 96%] Built target numericUTest
[ 98%] Linking CXX executable randomUTest
[ 98%] Built target randomUTest
Scanning dependencies of target tests
[ 98%] Built target tests
Scanning dependencies of target test
[100%] Running tests...
Test project /home/opencog/cogutil/build/tests
      Start  1: ConfigUTest
 1/13 Test  #1: ConfigUTest ......................   Passed    0.02 sec
      Start  2: LoggerUTest
 2/13 Test  #2: LoggerUTest ......................   Passed    0.35 sec
      Start  3: StringTokenizerUTest
 3/13 Test  #3: StringTokenizerUTest .............   Passed    0.01 sec
      Start  4: lazy_selectorUTest
 4/13 Test  #4: lazy_selectorUTest ...............   Passed    0.00 sec
      Start  5: lru_cacheUTest
 5/13 Test  #5: lru_cacheUTest ...................   Passed    0.00 sec
      Start  6: iostreamContainerUTest
 6/13 Test  #6: iostreamContainerUTest ...........   Passed    0.00 sec
      Start  7: numericUTest
 7/13 Test  #7: numericUTest .....................   Passed    0.05 sec
      Start  8: algorithmUTest
 8/13 Test  #8: algorithmUTest ...................   Passed    0.01 sec
      Start  9: KLDUTest
 9/13 Test  #9: KLDUTest .........................   Passed    3.25 sec
      Start 10: randomUTest
10/13 Test #10: randomUTest ......................   Passed    1.26 sec
      Start 11: comprehensionUTest
11/13 Test #11: comprehensionUTest ...............   Passed    0.00 sec
      Start 12: CounterUTest
12/13 Test #12: CounterUTest .....................   Passed    0.01 sec
      Start 13: rankingUTest
13/13 Test #13: rankingUTest .....................   Passed    0.00 sec

100% tests passed, 0 tests failed out of 13

Total Test time (real) =   4.98 sec
[100%] Built target test
+ DSTATUS=TESTPASS
+ /var/lib/jenkins/status/updateStatus TESTPASS /var/lib/jenkins/jobs/OpenCOG_DebStab_CogUtil/builds/397/log OpenCOG_DebStab_CogUtil
Auto packing the repository in background for optimum performance.
See "git help gc" for manual housekeeping.
error: The last gc run reported the following. Please correct the root cause
and remove .git/gc.log.
Automatic cleanup will not be performed until the file is removed.

error: pack-objects died of signal 15
error: failed to run repack

Already up-to-date.
