Started by user [8mha:////4L2jTPWu9zIb56dnp8RqVObesKKV2DVGI0jJXlam1DqAAAAAlx+LCAAAAAAAAP9b85aBtbiIQTGjNKU4P08vOT+vOD8nVc83PyU1x6OyILUoJzMv2y+/JJUBAhiZGBgqihhk0NSjKDWzXb3RdlLBUSYGJk8GtpzUvPSSDB8G5tKinBIGIZ+sxLJE/ZzEvHT94JKizLx0a6BxUmjGOUNodHsLgAzWEgZu/dLi1CL9xJTczDwAj6GcLcAAAAA=[0madmin
Started by user [8mha:////4L2jTPWu9zIb56dnp8RqVObesKKV2DVGI0jJXlam1DqAAAAAlx+LCAAAAAAAAP9b85aBtbiIQTGjNKU4P08vOT+vOD8nVc83PyU1x6OyILUoJzMv2y+/JJUBAhiZGBgqihhk0NSjKDWzXb3RdlLBUSYGJk8GtpzUvPSSDB8G5tKinBIGIZ+sxLJE/ZzEvHT94JKizLx0a6BxUmjGOUNodHsLgAzWEgZu/dLi1CL9xJTczDwAj6GcLcAAAAA=[0madmin
Building in workspace /var/lib/jenkins/workspace/OpenCOG_U1604_CogUtil
[OpenCOG_U1604_CogUtil] $ /bin/sh -xe /tmp/jenkins2825791152831649196.sh
+ COGDIR=../OpenCOG_U1604
+ . ../OpenCOG_U1604/build.docker/docker.env
+ CID=6dfd0e0b837683548837593fb952475ddec6dd4b8df0f1211bd10468ed78e52a
+ DKRUNROOT=docker exec --user root   6dfd0e0b837683548837593fb952475ddec6dd4b8df0f1211bd10468ed78e52a
+ DKRUNUSER=docker exec --user jenkins  6dfd0e0b837683548837593fb952475ddec6dd4b8df0f1211bd10468ed78e52a
+ UID=125
+ GID=132
+ LOGFILE=/var/lib/jenkins/jobs/OpenCOG_U1604_CogUtil/builds/322/log
+ cat


**********************************************************
**********************************************************
**********************************************************
**********************************************************
*****                                                *****
*****                  Cogutil TEST                *****
*****                                                *****
**********************************************************
**********************************************************
**********************************************************
**********************************************************


+ echo GIT_COMMIT=
GIT_COMMIT=
+ echo GIT_BRANCH=
GIT_BRANCH=
+ echo GIT_URL=
GIT_URL=
+ WDIR=cogutil
+ JOBDIR=../OpenCOG_U1604/dependencies
+ cat
+ chmod +x ../OpenCOG_U1604/dependencies/job1
+ docker exec --user jenkins 6dfd0e0b837683548837593fb952475ddec6dd4b8df0f1211bd10468ed78e52a bash dependencies/job1
+ pwd
+ cd cogutil
+ cd build
+ make -j8 test
/home/opencog
[ 33%] Built target cogutil
[ 35%] Generating lazy_selectorUTest.cpp
[ 36%] Generating comprehensionUTest.cpp
[ 43%] Generating numericUTest.cpp
[ 46%] Generating StringTokenizerUTest.cpp
[ 46%] Generating functionalUTest.cpp
[ 46%] Generating rankingUTest.cpp
[ 46%] Generating LoggerUTest.cpp
[ 46%] Generating lru_cacheUTest.cpp
Scanning dependencies of target StringTokenizerUTest
Scanning dependencies of target LoggerUTest
Scanning dependencies of target comprehensionUTest
Scanning dependencies of target lazy_selectorUTest
Scanning dependencies of target numericUTest
Scanning dependencies of target rankingUTest
Scanning dependencies of target functionalUTest
Scanning dependencies of target lru_cacheUTest
[ 48%] Building CXX object tests/util/CMakeFiles/StringTokenizerUTest.dir/StringTokenizerUTest.cpp.o
[ 51%] Building CXX object tests/util/CMakeFiles/lazy_selectorUTest.dir/lazy_selectorUTest.cpp.o
[ 51%] Building CXX object tests/util/CMakeFiles/numericUTest.dir/numericUTest.cpp.o
[ 55%] Building CXX object tests/util/CMakeFiles/LoggerUTest.dir/LoggerUTest.cpp.o
[ 55%] Building CXX object tests/util/CMakeFiles/rankingUTest.dir/rankingUTest.cpp.o
[ 56%] Building CXX object tests/util/CMakeFiles/comprehensionUTest.dir/comprehensionUTest.cpp.o
[ 58%] Building CXX object tests/util/CMakeFiles/functionalUTest.dir/functionalUTest.cpp.o
[ 60%] Building CXX object tests/util/CMakeFiles/lru_cacheUTest.dir/lru_cacheUTest.cpp.o
In file included from /home/opencog/cogutil/build/tests/util/../../../tests/util/numericUTest.cxxtest:24:0,
                 from /home/opencog/cogutil/build/tests/util/numericUTest.cpp:24:
/home/opencog/cogutil/opencog/util/numeric.h: In function 'bool opencog::is_approx_eq_ulp(double, double, long long int)':
/home/opencog/cogutil/opencog/util/numeric.h:287:44: warning: dereferencing type-punned pointer will break strict-aliasing rules [-Wstrict-aliasing]
  long long int ulps = llabs(*(int64_t*) &(x) - *(int64_t*)&(y));
                                            ^
/home/opencog/cogutil/opencog/util/numeric.h:287:62: warning: dereferencing type-punned pointer will break strict-aliasing rules [-Wstrict-aliasing]
  long long int ulps = llabs(*(int64_t*) &(x) - *(int64_t*)&(y));
                                                              ^
[ 61%] Linking CXX executable StringTokenizerUTest
In file included from /home/opencog/cogutil/opencog/util/algorithm.h:11:0,
                 from /home/opencog/cogutil/build/tests/util/../../../tests/util/functionalUTest.cxxtest:24,
                 from /home/opencog/cogutil/build/tests/util/functionalUTest.cpp:24:
/home/opencog/cogutil/opencog/util/numeric.h: In function 'bool opencog::is_approx_eq_ulp(double, double, long long int)':
/home/opencog/cogutil/opencog/util/numeric.h:287:44: warning: dereferencing type-punned pointer will break strict-aliasing rules [-Wstrict-aliasing]
  long long int ulps = llabs(*(int64_t*) &(x) - *(int64_t*)&(y));
                                            ^
/home/opencog/cogutil/opencog/util/numeric.h:287:62: warning: dereferencing type-punned pointer will break strict-aliasing rules [-Wstrict-aliasing]
  long long int ulps = llabs(*(int64_t*) &(x) - *(int64_t*)&(y));
                                                              ^
In file included from /home/opencog/cogutil/opencog/util/random.h:34:0,
                 from /home/opencog/cogutil/build/tests/util/../../../tests/util/LoggerUTest.cxxtest:37,
                 from /home/opencog/cogutil/build/tests/util/LoggerUTest.cpp:24:
/home/opencog/cogutil/opencog/util/numeric.h: In function 'bool opencog::is_approx_eq_ulp(double, double, long long int)':
/home/opencog/cogutil/opencog/util/numeric.h:287:44: warning: dereferencing type-punned pointer will break strict-aliasing rules [-Wstrict-aliasing]
  long long int ulps = llabs(*(int64_t*) &(x) - *(int64_t*)&(y));
                                            ^
/home/opencog/cogutil/opencog/util/numeric.h:287:62: warning: dereferencing type-punned pointer will break strict-aliasing rules [-Wstrict-aliasing]
  long long int ulps = llabs(*(int64_t*) &(x) - *(int64_t*)&(y));
                                                              ^
[ 61%] Built target StringTokenizerUTest
[ 63%] Generating CounterUTest.cpp
Scanning dependencies of target CounterUTest
[ 65%] Building CXX object tests/util/CMakeFiles/CounterUTest.dir/CounterUTest.cpp.o
[ 66%] Linking CXX executable lazy_selectorUTest
[ 66%] Built target lazy_selectorUTest
[ 68%] Generating KLDUTest.cpp
Scanning dependencies of target KLDUTest
[ 70%] Building CXX object tests/util/CMakeFiles/KLDUTest.dir/KLDUTest.cpp.o
[ 71%] Linking CXX executable rankingUTest
[ 73%] Linking CXX executable numericUTest
[ 73%] Built target rankingUTest
[ 75%] Generating iostreamContainerUTest.cpp
Scanning dependencies of target iostreamContainerUTest
[ 76%] Building CXX object tests/util/CMakeFiles/iostreamContainerUTest.dir/iostreamContainerUTest.cpp.o
[ 76%] Built target numericUTest
[ 78%] Generating ConfigUTest.cpp
Scanning dependencies of target ConfigUTest
[ 80%] Building CXX object tests/util/CMakeFiles/ConfigUTest.dir/ConfigUTest.cpp.o
[ 81%] Linking CXX executable functionalUTest
[ 81%] Built target functionalUTest
[ 83%] Generating randomUTest.cpp
Scanning dependencies of target randomUTest
[ 85%] Building CXX object tests/util/CMakeFiles/randomUTest.dir/randomUTest.cpp.o
[ 86%] Linking CXX executable LoggerUTest
[ 86%] Built target LoggerUTest
In file included from /home/opencog/cogutil/opencog/util/random.h:34:0,
                 from /home/opencog/cogutil/build/tests/util/../../../tests/util/KLDUTest.cxxtest:25,
                 from /home/opencog/cogutil/build/tests/util/KLDUTest.cpp:24:
/home/opencog/cogutil/opencog/util/numeric.h: In function 'bool opencog::is_approx_eq_ulp(double, double, long long int)':
/home/opencog/cogutil/opencog/util/numeric.h:287:44: warning: dereferencing type-punned pointer will break strict-aliasing rules [-Wstrict-aliasing]
  long long int ulps = llabs(*(int64_t*) &(x) - *(int64_t*)&(y));
                                            ^
/home/opencog/cogutil/opencog/util/numeric.h:287:62: warning: dereferencing type-punned pointer will break strict-aliasing rules [-Wstrict-aliasing]
  long long int ulps = llabs(*(int64_t*) &(x) - *(int64_t*)&(y));
                                                              ^
[ 88%] Linking CXX executable lru_cacheUTest
[ 88%] Built target lru_cacheUTest
[ 90%] Linking CXX executable ConfigUTest
[ 90%] Built target ConfigUTest
[ 91%] Linking CXX executable comprehensionUTest
[ 93%] Linking CXX executable CounterUTest
[ 93%] Built target comprehensionUTest
[ 93%] Built target CounterUTest
In file included from /home/opencog/cogutil/opencog/util/random.h:34:0,
                 from /home/opencog/cogutil/build/tests/util/../../../tests/util/randomUTest.cxxtest:23,
                 from /home/opencog/cogutil/build/tests/util/randomUTest.cpp:24:
/home/opencog/cogutil/opencog/util/numeric.h: In function 'bool opencog::is_approx_eq_ulp(double, double, long long int)':
/home/opencog/cogutil/opencog/util/numeric.h:287:44: warning: dereferencing type-punned pointer will break strict-aliasing rules [-Wstrict-aliasing]
  long long int ulps = llabs(*(int64_t*) &(x) - *(int64_t*)&(y));
                                            ^
/home/opencog/cogutil/opencog/util/numeric.h:287:62: warning: dereferencing type-punned pointer will break strict-aliasing rules [-Wstrict-aliasing]
  long long int ulps = llabs(*(int64_t*) &(x) - *(int64_t*)&(y));
                                                              ^
[ 95%] Linking CXX executable KLDUTest
[ 95%] Built target KLDUTest
[ 96%] Linking CXX executable iostreamContainerUTest
[ 96%] Built target iostreamContainerUTest
[ 98%] Linking CXX executable randomUTest
[ 98%] Built target randomUTest
Scanning dependencies of target tests
[ 98%] Built target tests
Scanning dependencies of target test
[100%] Running tests...
Test project /home/opencog/cogutil/build/tests
      Start  1: ConfigUTest
 1/13 Test  #1: ConfigUTest ......................   Passed    0.02 sec
      Start  2: LoggerUTest
 2/13 Test  #2: LoggerUTest ......................   Passed    1.69 sec
      Start  3: StringTokenizerUTest
 3/13 Test  #3: StringTokenizerUTest .............   Passed    0.01 sec
      Start  4: lazy_selectorUTest
 4/13 Test  #4: lazy_selectorUTest ...............   Passed    0.00 sec
      Start  5: lru_cacheUTest
 5/13 Test  #5: lru_cacheUTest ...................   Passed    0.01 sec
      Start  6: iostreamContainerUTest
 6/13 Test  #6: iostreamContainerUTest ...........   Passed    0.00 sec
      Start  7: numericUTest
 7/13 Test  #7: numericUTest .....................   Passed    0.07 sec
      Start  8: functionalUTest
 8/13 Test  #8: functionalUTest ..................   Passed    0.00 sec
      Start  9: KLDUTest
 9/13 Test  #9: KLDUTest .........................   Passed    3.39 sec
      Start 10: randomUTest
10/13 Test #10: randomUTest ......................   Passed    1.44 sec
      Start 11: comprehensionUTest
11/13 Test #11: comprehensionUTest ...............   Passed    0.00 sec
      Start 12: CounterUTest
12/13 Test #12: CounterUTest .....................   Passed    0.00 sec
      Start 13: rankingUTest
13/13 Test #13: rankingUTest .....................   Passed    0.00 sec

100% tests passed, 0 tests failed out of 13

Total Test time (real) =   6.63 sec
[100%] Built target test
+ DSTATUS=TESTPASS
+ /var/lib/jenkins/status/updateStatus TESTPASS /var/lib/jenkins/jobs/OpenCOG_U1604_CogUtil/builds/322/log OpenCOG_U1604_CogUtil
Auto packing the repository in background for optimum performance.
See "git help gc" for manual housekeeping.
error: The last gc run reported the following. Please correct the root cause
and remove .git/gc.log.
Automatic cleanup will not be performed until the file is removed.

error: pack-objects died of signal 15
error: failed to run repack

Already up-to-date.
