Started by user [8mha:////4L2jTPWu9zIb56dnp8RqVObesKKV2DVGI0jJXlam1DqAAAAAlx+LCAAAAAAAAP9b85aBtbiIQTGjNKU4P08vOT+vOD8nVc83PyU1x6OyILUoJzMv2y+/JJUBAhiZGBgqihhk0NSjKDWzXb3RdlLBUSYGJk8GtpzUvPSSDB8G5tKinBIGIZ+sxLJE/ZzEvHT94JKizLx0a6BxUmjGOUNodHsLgAzWEgZu/dLi1CL9xJTczDwAj6GcLcAAAAA=[0madmin
Running as SYSTEM
Building in workspace /var/lib/jenkins/workspace/OpenCOG_U1604_Moses
[OpenCOG_U1604_Moses] $ /bin/sh -xe /tmp/jenkins5812870097669231424.sh
+ COGDIR=../OpenCOG_U1604
+ . ../OpenCOG_U1604/build.docker/docker.env
+ CID=a58c6905162e3f35bc45d1bc9363b0bde61d70765a52d378fdec26a759e36430
+ DKRUNROOT=docker exec --user root   a58c6905162e3f35bc45d1bc9363b0bde61d70765a52d378fdec26a759e36430
+ DKRUNUSER=docker exec --user jenkins  a58c6905162e3f35bc45d1bc9363b0bde61d70765a52d378fdec26a759e36430
+ UID=125
+ GID=132
+ LOGFILE=/var/lib/jenkins/jobs/OpenCOG_U1604_Moses/builds/402/log
+ cat


**********************************************************
**********************************************************
**********************************************************
**********************************************************
*****                                                *****
*****                  MOSES TEST                    *****
*****                                                *****
**********************************************************
**********************************************************
**********************************************************
**********************************************************


+ echo GIT_COMMIT=
GIT_COMMIT=
+ echo GIT_BRANCH=
GIT_BRANCH=
+ echo GIT_URL=
GIT_URL=
+ WDIR=moses
+ JOBDIR=../OpenCOG_U1604/dependencies
+ cat
+ chmod +x ../OpenCOG_U1604/dependencies/job1
+ docker exec --user jenkins a58c6905162e3f35bc45d1bc9363b0bde61d70765a52d378fdec26a759e36430 bash dependencies/job1
+ cd moses
+ cd build
+ make -j8 test
Scanning dependencies of target ant_scoring
[  2%] Built target moses_exec
[  4%] Building CXX object examples/example-ant/CMakeFiles/ant_scoring.dir/ant_scoring.cc.o
[  8%] Built target feature_selection
[ 29%] Built target comboreduct
[ 30%] Generating annUTest.cpp
[ 33%] Built target comboant
[ 36%] Generating iostream_comboUTest.cpp
[ 36%] Generating listUTest.cpp
[ 36%] Generating procedure_callUTest.cpp
[ 36%] Generating vertexUTest.cpp
[ 37%] Generating messageUTest.cpp
Scanning dependencies of target annUTest
[ 37%] Building CXX object tests/comboreduct/combo/CMakeFiles/annUTest.dir/annUTest.cpp.o
Scanning dependencies of target iostream_comboUTest
Scanning dependencies of target listUTest
Scanning dependencies of target vertexUTest
Scanning dependencies of target procedure_callUTest
Scanning dependencies of target messageUTest
[ 37%] Building CXX object tests/comboreduct/combo/CMakeFiles/listUTest.dir/listUTest.cpp.o
[ 37%] Building CXX object tests/comboreduct/combo/CMakeFiles/iostream_comboUTest.dir/iostream_comboUTest.cpp.o
[ 55%] Built target moses
[ 55%] Building CXX object tests/comboreduct/combo/CMakeFiles/procedure_callUTest.dir/procedure_callUTest.cpp.o
[ 55%] Building CXX object tests/comboreduct/combo/CMakeFiles/vertexUTest.dir/vertexUTest.cpp.o
[ 55%] Building CXX object tests/comboreduct/combo/CMakeFiles/messageUTest.dir/messageUTest.cpp.o
[ 56%] Generating procedure_repositoryUTest.cpp
Scanning dependencies of target procedure_repositoryUTest
[ 56%] Building CXX object tests/comboreduct/combo/CMakeFiles/procedure_repositoryUTest.dir/procedure_repositoryUTest.cpp.o
[ 56%] Linking CXX static library libant_scoring.a
[ 56%] Built target ant_scoring
[ 56%] Linking CXX executable annUTest
[ 56%] Generating interpreterUTest.cpp
Scanning dependencies of target interpreterUTest
[ 56%] Building CXX object tests/comboreduct/combo/CMakeFiles/interpreterUTest.dir/interpreterUTest.cpp.o
[ 56%] Built target annUTest
[ 56%] Generating similarityUTest.cpp
Scanning dependencies of target similarityUTest
[ 58%] Building CXX object tests/comboreduct/combo/CMakeFiles/similarityUTest.dir/similarityUTest.cpp.o
[ 58%] Linking CXX executable vertexUTest
[ 58%] Built target vertexUTest
[ 58%] Generating FullReductUTest.cpp
Scanning dependencies of target FullReductUTest
[ 58%] Building CXX object tests/comboreduct/reduct/CMakeFiles/FullReductUTest.dir/FullReductUTest.cpp.o
[ 59%] Linking CXX executable iostream_comboUTest
[ 59%] Linking CXX executable messageUTest
[ 59%] Built target iostream_comboUTest
[ 59%] Built target messageUTest
[ 59%] Generating ContinReductUTest.cpp
[ 59%] Generating BooleanFullUTest.cpp
Scanning dependencies of target ContinReductUTest
[ 59%] Building CXX object tests/comboreduct/reduct/CMakeFiles/ContinReductUTest.dir/ContinReductUTest.cpp.o
Scanning dependencies of target BooleanFullUTest
[ 59%] Building CXX object tests/comboreduct/reduct/CMakeFiles/BooleanFullUTest.dir/BooleanFullUTest.cpp.o
[ 61%] Linking CXX executable listUTest
[ 61%] Built target listUTest
[ 61%] Generating FoldReductUTest.cpp
Scanning dependencies of target FoldReductUTest
[ 61%] Building CXX object tests/comboreduct/reduct/CMakeFiles/FoldReductUTest.dir/FoldReductUTest.cpp.o
[ 61%] Linking CXX executable procedure_repositoryUTest
[ 61%] Linking CXX executable procedure_callUTest
[ 61%] Built target procedure_repositoryUTest
[ 61%] Generating MixedReductUTest.cpp
[ 61%] Built target procedure_callUTest
[ 61%] Generating ANNReductUTest.cpp
Scanning dependencies of target MixedReductUTest
[ 61%] Building CXX object tests/comboreduct/reduct/CMakeFiles/MixedReductUTest.dir/MixedReductUTest.cpp.o
Scanning dependencies of target ANNReductUTest
[ 61%] Building CXX object tests/comboreduct/reduct/CMakeFiles/ANNReductUTest.dir/ANNReductUTest.cpp.o
[ 61%] Linking CXX executable similarityUTest
[ 61%] Built target similarityUTest
[ 61%] Generating BooleanReductUTest.cpp
Scanning dependencies of target BooleanReductUTest
[ 61%] Building CXX object tests/comboreduct/reduct/CMakeFiles/BooleanReductUTest.dir/BooleanReductUTest.cpp.o
[ 62%] Linking CXX executable FullReductUTest
[ 63%] Linking CXX executable interpreterUTest
[ 63%] Built target FullReductUTest
[ 63%] Built target interpreterUTest
[ 63%] Generating tableUTest.cpp
[ 65%] Generating type_treeUTest.cpp
Scanning dependencies of target tableUTest
Scanning dependencies of target type_treeUTest
[ 66%] Building CXX object tests/comboreduct/table/CMakeFiles/tableUTest.dir/tableUTest.cpp.o
[ 66%] Building CXX object tests/comboreduct/type_checker/CMakeFiles/type_treeUTest.dir/type_treeUTest.cpp.o
[ 68%] Linking CXX executable ContinReductUTest
[ 69%] Linking CXX executable FoldReductUTest
[ 70%] Linking CXX executable BooleanFullUTest
[ 70%] Built target FoldReductUTest
[ 72%] Generating weightedUTest.cpp
[ 72%] Built target ContinReductUTest
[ 72%] Generating AntUTest.cpp
[ 72%] Built target BooleanFullUTest
[ 72%] Generating scoringUTest.cpp
Scanning dependencies of target weightedUTest
Scanning dependencies of target AntUTest
[ 72%] Building CXX object tests/moses/CMakeFiles/weightedUTest.dir/weightedUTest.cpp.o
[ 72%] Building CXX object tests/moses/CMakeFiles/AntUTest.dir/AntUTest.cpp.o
Scanning dependencies of target scoringUTest
[ 73%] Building CXX object tests/moses/CMakeFiles/scoringUTest.dir/scoringUTest.cpp.o
[ 75%] Linking CXX executable ANNReductUTest
[ 75%] Built target ANNReductUTest
[ 75%] Generating diversityUTest.cpp
Scanning dependencies of target diversityUTest
[ 76%] Building CXX object tests/moses/CMakeFiles/diversityUTest.dir/diversityUTest.cpp.o
[ 77%] Linking CXX executable MixedReductUTest
[ 77%] Built target MixedReductUTest
[ 77%] Generating representationUTest.cpp
Scanning dependencies of target representationUTest
[ 79%] Building CXX object tests/moses/CMakeFiles/representationUTest.dir/representationUTest.cpp.o
[ 80%] Linking CXX executable BooleanReductUTest
[ 80%] Built target BooleanReductUTest
[ 80%] Generating mixedUTest.cpp
Scanning dependencies of target mixedUTest
[ 81%] Building CXX object tests/moses/CMakeFiles/mixedUTest.dir/mixedUTest.cpp.o
[ 81%] Linking CXX executable type_treeUTest
[ 81%] Built target type_treeUTest
[ 81%] Generating KnobTurningUTest.cpp
Scanning dependencies of target KnobTurningUTest
[ 81%] Building CXX object tests/moses/CMakeFiles/KnobTurningUTest.dir/KnobTurningUTest.cpp.o
[ 81%] Linking CXX executable scoringUTest
[ 81%] Built target scoringUTest
[ 81%] Generating MOSESUTest.cpp
Scanning dependencies of target MOSESUTest
[ 81%] Building CXX object tests/moses/CMakeFiles/MOSESUTest.dir/MOSESUTest.cpp.o
[ 83%] Linking CXX executable weightedUTest
[ 83%] Built target weightedUTest
[ 83%] Generating irisUTest.cpp
Scanning dependencies of target irisUTest
[ 83%] Building CXX object tests/moses/CMakeFiles/irisUTest.dir/irisUTest.cpp.o
[ 83%] Linking CXX executable representationUTest
[ 83%] Built target representationUTest
[ 83%] Generating NeighborSamplingUTest.cpp
Scanning dependencies of target NeighborSamplingUTest
[ 83%] Building CXX object tests/moses/CMakeFiles/NeighborSamplingUTest.dir/NeighborSamplingUTest.cpp.o
[ 83%] Linking CXX executable diversityUTest
[ 83%] Built target diversityUTest
[ 84%] Generating optimizationUTest.cpp
Scanning dependencies of target optimizationUTest
[ 84%] Building CXX object tests/moses/CMakeFiles/optimizationUTest.dir/optimizationUTest.cpp.o
[ 86%] Linking CXX executable AntUTest
[ 86%] Built target AntUTest
[ 87%] Generating metapopulationUTest.cpp
Scanning dependencies of target metapopulationUTest
[ 87%] Building CXX object tests/moses/CMakeFiles/metapopulationUTest.dir/metapopulationUTest.cpp.o
[ 87%] Linking CXX executable tableUTest
[ 87%] Built target tableUTest
[ 87%] Generating iostream_scored_combo_treeUTest.cpp
Scanning dependencies of target iostream_scored_combo_treeUTest
[ 87%] Building CXX object tests/moses/CMakeFiles/iostream_scored_combo_treeUTest.dir/iostream_scored_combo_treeUTest.cpp.o
[ 87%] Linking CXX executable mixedUTest
[ 87%] Built target mixedUTest
[ 87%] Generating selectionUTest.cpp
Scanning dependencies of target selectionUTest
[ 88%] Building CXX object tests/moses/CMakeFiles/selectionUTest.dir/selectionUTest.cpp.o
[ 90%] Linking CXX executable KnobTurningUTest
[ 90%] Built target KnobTurningUTest
[ 90%] Generating FieldSetUTest.cpp
Scanning dependencies of target FieldSetUTest
[ 90%] Building CXX object tests/moses/CMakeFiles/FieldSetUTest.dir/FieldSetUTest.cpp.o
[ 91%] Linking CXX executable MOSESUTest
[ 93%] Linking CXX executable NeighborSamplingUTest
[ 94%] Linking CXX executable FieldSetUTest
[ 94%] Built target NeighborSamplingUTest
[ 94%] Built target FieldSetUTest
[ 94%] Built target MOSESUTest
[ 94%] Linking CXX executable optimizationUTest
[ 95%] Generating dynFeatSelUTest.cpp
[ 97%] Generating feature_selectionUTest.cpp
Scanning dependencies of target dynFeatSelUTest
[ 97%] Building CXX object tests/moses/CMakeFiles/dynFeatSelUTest.dir/dynFeatSelUTest.cpp.o
[ 97%] Built target optimizationUTest
[ 98%] Linking CXX executable irisUTest
Scanning dependencies of target feature_selectionUTest
[ 98%] Building CXX object tests/feature-selection/CMakeFiles/feature_selectionUTest.dir/feature_selectionUTest.cpp.o
[ 98%] Built target irisUTest
[ 98%] Linking CXX executable metapopulationUTest
[ 98%] Built target metapopulationUTest
[100%] Linking CXX executable iostream_scored_combo_treeUTest
[100%] Built target iostream_scored_combo_treeUTest
[100%] Linking CXX executable selectionUTest
[100%] Built target selectionUTest
[100%] Linking CXX executable dynFeatSelUTest
[100%] Built target dynFeatSelUTest
[100%] Linking CXX executable feature_selectionUTest
[100%] Built target feature_selectionUTest
Scanning dependencies of target tests
[100%] Built target tests
Scanning dependencies of target test
[100%] Running tests...
Test project /home/opencog/moses/build/tests
      Start  1: vertexUTest
 1/36 Test  #1: vertexUTest .......................   Passed    0.06 sec
      Start  2: messageUTest
 2/36 Test  #2: messageUTest ......................   Passed    0.01 sec
      Start  3: listUTest
 3/36 Test  #3: listUTest .........................   Passed    0.02 sec
      Start  4: similarityUTest
 4/36 Test  #4: similarityUTest ...................   Passed    0.02 sec
      Start  5: annUTest
 5/36 Test  #5: annUTest ..........................   Passed    0.01 sec
      Start  6: procedure_callUTest
 6/36 Test  #6: procedure_callUTest ...............   Passed    0.02 sec
      Start  7: procedure_repositoryUTest
 7/36 Test  #7: procedure_repositoryUTest .........   Passed    0.02 sec
      Start  8: interpreterUTest
 8/36 Test  #8: interpreterUTest ..................   Passed    0.01 sec
      Start  9: iostream_comboUTest
 9/36 Test  #9: iostream_comboUTest ...............   Passed    0.01 sec
      Start 10: BooleanReductUTest
10/36 Test #10: BooleanReductUTest ................   Passed    0.01 sec
      Start 11: BooleanFullUTest
11/36 Test #11: BooleanFullUTest ..................   Passed    0.10 sec
      Start 12: ContinReductUTest
12/36 Test #12: ContinReductUTest .................   Passed    0.01 sec
      Start 13: FullReductUTest
13/36 Test #13: FullReductUTest ...................   Passed    0.01 sec
      Start 14: MixedReductUTest
14/36 Test #14: MixedReductUTest ..................   Passed    0.06 sec
      Start 15: ANNReductUTest
15/36 Test #15: ANNReductUTest ....................   Passed    0.00 sec
      Start 16: FoldReductUTest
16/36 Test #16: FoldReductUTest ...................   Passed    0.00 sec
      Start 17: tableUTest
17/36 Test #17: tableUTest ........................   Passed    0.04 sec
      Start 18: type_treeUTest
18/36 Test #18: type_treeUTest ....................   Passed    0.09 sec
      Start 19: iostream_scored_combo_treeUTest
19/36 Test #19: iostream_scored_combo_treeUTest ...   Passed    0.00 sec
      Start 20: KnobTurningUTest
20/36 Test #20: KnobTurningUTest ..................   Passed    0.00 sec
      Start 21: NeighborSamplingUTest
21/36 Test #21: NeighborSamplingUTest .............   Passed    0.03 sec
      Start 22: FieldSetUTest
22/36 Test #22: FieldSetUTest .....................   Passed    0.09 sec
      Start 23: representationUTest
23/36 Test #23: representationUTest ...............   Passed    0.52 sec
      Start 24: scoringUTest
24/36 Test #24: scoringUTest ......................   Passed    0.02 sec
      Start 25: metapopulationUTest
25/36 Test #25: metapopulationUTest ...............   Passed    0.02 sec
      Start 26: optimizationUTest
26/36 Test #26: optimizationUTest .................   Passed    0.01 sec
      Start 27: MOSESUTest
27/36 Test #27: MOSESUTest ........................   Passed   27.79 sec
      Start 28: weightedUTest
28/36 Test #28: weightedUTest .....................   Passed   39.54 sec
      Start 29: mixedUTest
29/36 Test #29: mixedUTest ........................   Passed   16.30 sec
      Start 30: irisUTest
30/36 Test #30: irisUTest .........................   Passed   76.91 sec
      Start 31: selectionUTest
31/36 Test #31: selectionUTest ....................   Passed  157.65 sec
      Start 32: dynFeatSelUTest
32/36 Test #32: dynFeatSelUTest ...................   Passed   24.08 sec
      Start 33: AntUTest
33/36 Test #33: AntUTest ..........................   Passed    0.07 sec
      Start 34: diversityUTest
34/36 Test #34: diversityUTest ....................   Passed    8.35 sec
      Start 35: feature_selectionUTest
35/36 Test #35: feature_selectionUTest ............   Passed    5.93 sec
      Start 36: CythonMoses
36/36 Test #36: CythonMoses .......................   Passed    4.00 sec

100% tests passed, 0 tests failed out of 36

Total Test time (real) = 361.86 sec
[100%] Built target test
+ DSTATUS=TESTPASS
+ /var/lib/jenkins/status/updateStatus TESTPASS /var/lib/jenkins/jobs/OpenCOG_U1604_Moses/builds/402/log OpenCOG_U1604_Moses
Auto packing the repository in background for optimum performance.
See "git help gc" for manual housekeeping.
error: The last gc run reported the following. Please correct the root cause
and remove .git/gc.log.
Automatic cleanup will not be performed until the file is removed.

error: pack-objects died of signal 15
error: failed to run repack

Already up-to-date.
